hello
hello
hello
hello
hello
global_time: 0

DeltaT: 0
ELSE
1.7949e-09
X', Y', Th': 0, 0, 1.5708
global_time: 0.216

DeltaT: 0.216
IF
X', Y', Th': -0.00291529, 0.107948, 1.6248
global_time: 0.216

DeltaT: 0
IF
X', Y', Th': -0.00291529, 0.107948, 1.6248
global_time: 0.226

DeltaT: 0.01
IF
X', Y', Th': -0.0031914, 0.11294, 1.6273
global_time: 0.236

DeltaT: 0.01
IF
X', Y', Th': -0.00347999, 0.117932, 1.6298
global_time: 0.246

DeltaT: 0.01
IF
X', Y', Th': -0.00378106, 0.122922, 1.6323
global_time: 0.256

DeltaT: 0.01
IF
X', Y', Th': -0.0040946, 0.127913, 1.6348
global_time: 0.266

DeltaT: 0.01
IF
X', Y', Th': -0.00442062, 0.132902, 1.6373
global_time: 0.276

DeltaT: 0.01
IF
X', Y', Th': -0.00475911, 0.137891, 1.6398
global_time: 0.286

DeltaT: 0.01
IF
X', Y', Th': -0.00511007, 0.142878, 1.6423
global_time: 0.296

DeltaT: 0.01
IF
X', Y', Th': -0.0054735, 0.147865, 1.6448
global_time: 0.306

DeltaT: 0.01
IF
X', Y', Th': -0.0058494, 0.152851, 1.6473
global_time: 0.316

DeltaT: 0.01
IF
X', Y', Th': -0.00623775, 0.157836, 1.6498
global_time: 0.326

DeltaT: 0.01
IF
X', Y', Th': -0.00663857, 0.16282, 1.6523
global_time: 0.336

DeltaT: 0.01
IF
X', Y', Th': -0.00705185, 0.167803, 1.6548
global_time: 0.346

DeltaT: 0.01
IF
X', Y', Th': -0.00747759, 0.172784, 1.6573
global_time: 0.356

DeltaT: 0.01
IF
X', Y', Th': -0.00791577, 0.177765, 1.6598
global_time: 0.366

DeltaT: 0.01
IF
X', Y', Th': -0.00836641, 0.182745, 1.6623
global_time: 0.376

DeltaT: 0.01
IF
X', Y', Th': -0.0088295, 0.187723, 1.6648
global_time: 0.386

DeltaT: 0.01
IF
X', Y', Th': -0.00930503, 0.192701, 1.6673
global_time: 0.396

DeltaT: 0.01
IF
X', Y', Th': -0.009793, 0.197677, 1.6698
global_time: 0.407

DeltaT: 0.011
IF
X', Y', Th': -0.0103441, 0.203149, 1.67255
global_time: 0.417

DeltaT: 0.01
IF
X', Y', Th': -0.0108582, 0.208123, 1.67505
global_time: 0.426

DeltaT: 0.009
IF
X', Y', Th': -0.0113315, 0.212598, 1.6773
global_time: 0.436

DeltaT: 0.01
IF
X', Y', Th': -0.0118692, 0.217569, 1.6798
global_time: 0.446

DeltaT: 0.01
IF
X', Y', Th': -0.0124194, 0.222538, 1.6823
global_time: 0.456

DeltaT: 0.01
IF
X', Y', Th': -0.0129819, 0.227506, 1.6848
odomX, odomY: -2.00001, -0.5
global_time: 0.466

DeltaT: 0.01
IF
X', Y', Th': -0.0135569, 0.232473, 1.6873
global_time: 0.476

DeltaT: 0.01
IF
X', Y', Th': -0.0141443, 0.237439, 1.6898
global_time: 0.486

DeltaT: 0.01
IF
X', Y', Th': -0.0147441, 0.242403, 1.6923
global_time: 0.497

DeltaT: 0.011
IF
X', Y', Th': -0.0154182, 0.247861, 1.69505
odomX, odomY: -2.00001, -0.5
global_time: 0.506

DeltaT: 0.009
IF
X', Y', Th': -0.0159809, 0.252326, 1.6973
global_time: 0.517

DeltaT: 0.011
IF
X', Y', Th': -0.0166823, 0.257781, 1.70005
global_time: 0.526

DeltaT: 0.009
IF
X', Y', Th': -0.0172673, 0.262243, 1.7023
odomX, odomY: -2.00001, -0.5
global_time: 0.536

DeltaT: 0.01
IF
X', Y', Th': -0.0179291, 0.267199, 1.7048
global_time: 0.547

DeltaT: 0.011
IF
X', Y', Th': -0.0186714, 0.272648, 1.70755
global_time: 0.556

DeltaT: 0.009
IF
X', Y', Th': -0.0192899, 0.277106, 1.7098
odomX, odomY: -2.00001, -0.5
global_time: 0.567

DeltaT: 0.011
IF
X', Y', Th': -0.0200594, 0.282552, 1.71255
global_time: 0.576

DeltaT: 0.009
IF
X', Y', Th': -0.0207002, 0.287006, 1.7148
global_time: 0.586

DeltaT: 0.01
IF
X', Y', Th': -0.0214239, 0.291953, 1.7173
odomX, odomY: -1.99951, -0.5
global_time: 0.596

DeltaT: 0.01
IF
X', Y', Th': -0.02216, 0.296899, 1.7198
global_time: 0.607

DeltaT: 0.011
IF
X', Y', Th': -0.0229839, 0.302337, 1.72255
global_time: 0.616

DeltaT: 0.009
IF
X', Y', Th': -0.0236692, 0.306784, 1.7248
global_time: 0.626

DeltaT: 0.01
IF
X', Y', Th': -0.0244423, 0.311724, 1.7273
odomX, odomY: -1.99804, -0.5
global_time: 0.636

DeltaT: 0.01
IF
X', Y', Th': -0.0252278, 0.316662, 1.7298
global_time: 0.646

DeltaT: 0.01
IF
X', Y', Th': -0.0260256, 0.321598, 1.7323
global_time: 0.657

DeltaT: 0.011
IF
X', Y', Th': -0.0269175, 0.327025, 1.73505
odomX, odomY: -1.99552, -0.5
global_time: 0.666

DeltaT: 0.009
IF
X', Y', Th': -0.0276583, 0.331464, 1.7373
global_time: 0.676

DeltaT: 0.01
IF
X', Y', Th': -0.0284931, 0.336393, 1.7398
global_time: 0.686

DeltaT: 0.01
IF
X', Y', Th': -0.0293402, 0.341321, 1.7423
global_time: 0.696

DeltaT: 0.01
IF
X', Y', Th': -0.0301997, 0.346247, 1.7448
odomX, odomY: -1.99209, -0.5
global_time: 0.706

DeltaT: 0.01
IF
X', Y', Th': -0.0310715, 0.35117, 1.7473
global_time: 0.717

DeltaT: 0.011
IF
X', Y', Th': -0.0320446, 0.356583, 1.75005
global_time: 0.727

DeltaT: 0.01
IF
X', Y', Th': -0.0329422, 0.361502, 1.75255
odomX, odomY: -1.98773, -0.5
global_time: 0.736

DeltaT: 0.009
IF
X', Y', Th': -0.0337606, 0.365927, 1.7548
global_time: 0.746

DeltaT: 0.01
IF
X', Y', Th': -0.0346815, 0.370841, 1.7573
global_time: 0.756

DeltaT: 0.01
IF
X', Y', Th': -0.0356148, 0.375754, 1.7598
odomX, odomY: -1.98232, -0.500001
global_time: 0.766

DeltaT: 0.01
IF
X', Y', Th': -0.0365603, 0.380663, 1.7623
global_time: 0.776

DeltaT: 0.01
IF
X', Y', Th': -0.0375181, 0.385571, 1.7648
global_time: 0.786

DeltaT: 0.01
IF
X', Y', Th': -0.0384882, 0.390476, 1.7673
global_time: 0.796

DeltaT: 0.01
IF
X', Y', Th': -0.0394705, 0.395378, 1.7698
odomX, odomY: -1.97629, -0.500003
global_time: 0.806

DeltaT: 0.01
IF
X', Y', Th': -0.0404651, 0.400278, 1.7723
global_time: 0.816

DeltaT: 0.01
IF
X', Y', Th': -0.0414719, 0.405176, 1.7748
global_time: 0.827

DeltaT: 0.011
IF
X', Y', Th': -0.0425935, 0.41056, 1.77755
odomX, odomY: -1.96968, -0.500006
global_time: 0.836

DeltaT: 0.009
IF
X', Y', Th': -0.0435222, 0.414964, 1.7798
global_time: 0.846

DeltaT: 0.01
IF
X', Y', Th': -0.0445657, 0.419853, 1.7823
global_time: 0.856

DeltaT: 0.01
IF
X', Y', Th': -0.0456215, 0.424741, 1.7848
odomX, odomY: -1.96253, -0.500023
global_time: 0.866

DeltaT: 0.01
IF
X', Y', Th': -0.0466895, 0.429625, 1.7873
global_time: 0.876

DeltaT: 0.01
IF
X', Y', Th': -0.0477696, 0.434507, 1.7898
global_time: 0.886

DeltaT: 0.01
IF
X', Y', Th': -0.048862, 0.439386, 1.7923
global_time: 0.896

DeltaT: 0.01
IF
X', Y', Th': -0.0499665, 0.444263, 1.7948
odomX, odomY: -1.9555, -0.500033
global_time: 0.907

DeltaT: 0.011
IF
X', Y', Th': -0.0511956, 0.449624, 1.79755
global_time: 0.916

DeltaT: 0.009
IF
X', Y', Th': -0.0522122, 0.454007, 1.7998
global_time: 0.927

DeltaT: 0.011
IF
X', Y', Th': -0.0534681, 0.459362, 1.80255
odomX, odomY: -1.94824, -0.500026
global_time: 0.936

DeltaT: 0.009
IF
X', Y', Th': -0.0545066, 0.463741, 1.8048
global_time: 0.946

DeltaT: 0.01
IF
X', Y', Th': -0.055672, 0.468603, 1.8073
global_time: 0.956

DeltaT: 0.01
IF
X', Y', Th': -0.0568496, 0.473462, 1.8098
odomX, odomY: -1.94018, -0.500024
global_time: 0.966

DeltaT: 0.01
IF
X', Y', Th': -0.0580393, 0.478319, 1.8123
global_time: 0.976

DeltaT: 0.01
IF
X', Y', Th': -0.0592412, 0.483172, 1.8148
global_time: 0.987

DeltaT: 0.011
IF
X', Y', Th': -0.0605773, 0.488507, 1.81755
odomX, odomY: -1.93155, -0.500024
global_time: 0.996

DeltaT: 0.009
IF
X', Y', Th': -0.0616813, 0.49287, 1.8198
global_time: 1.006

DeltaT: 0.01
IF
X', Y', Th': -0.0629195, 0.497714, 1.8223
global_time: 1.016

DeltaT: 0.01
IF
X', Y', Th': -0.0641699, 0.502555, 1.8248
global_time: 1.026

DeltaT: 0.01
IF
X', Y', Th': -0.0654323, 0.507393, 1.8273
odomX, odomY: -1.92197, -0.500026
global_time: 1.036

DeltaT: 0.01
IF
X', Y', Th': -0.0667068, 0.512228, 1.8298
global_time: 1.047

DeltaT: 0.011
IF
X', Y', Th': -0.0681228, 0.517543, 1.83255
global_time: 1.057

DeltaT: 0.01
IF
X', Y', Th': -0.0694227, 0.522371, 1.83505
odomX, odomY: -1.91116, -0.500032
global_time: 1.066

DeltaT: 0.009
IF
X', Y', Th': -0.0706029, 0.526713, 1.8373
global_time: 1.076

DeltaT: 0.01
IF
X', Y', Th': -0.0719257, 0.531535, 1.8398
global_time: 1.087

DeltaT: 0.011
IF
X', Y', Th': -0.0733947, 0.536835, 1.84255
odomX, odomY: -1.90007, -0.500042
global_time: 1.097

DeltaT: 0.01
IF
X', Y', Th': -0.0747428, 0.54165, 1.84505
global_time: 1.107

DeltaT: 0.01
IF
X', Y', Th': -0.076103, 0.546462, 1.84755
global_time: 1.116

DeltaT: 0.009
IF
X', Y', Th': -0.0773374, 0.550789, 1.8498
global_time: 1.126

DeltaT: 0.01
IF
X', Y', Th': -0.0787204, 0.555594, 1.8523
odomX, odomY: -1.8888, -0.500049
global_time: 1.136

DeltaT: 0.01
IF
X', Y', Th': -0.0801153, 0.560395, 1.8548
global_time: 1.146

DeltaT: 0.01
IF
X', Y', Th': -0.0815223, 0.565193, 1.8573
global_time: 1.156

DeltaT: 0.01
IF
X', Y', Th': -0.0829413, 0.569988, 1.8598
odomX, odomY: -1.87687, -0.500043
global_time: 1.166

DeltaT: 0.01
IF
X', Y', Th': -0.0843723, 0.574779, 1.8623
global_time: 1.176

DeltaT: 0.01
IF
X', Y', Th': -0.0858152, 0.579566, 1.8648
global_time: 1.186

DeltaT: 0.01
IF
X', Y', Th': -0.0872701, 0.584349, 1.8673
global_time: 1.196

DeltaT: 0.01
IF
X', Y', Th': -0.0887369, 0.589129, 1.8698
odomX, odomY: -1.86462, -0.500026
global_time: 1.207

DeltaT: 0.011
IF
X', Y', Th': -0.0903643, 0.594383, 1.87255
global_time: 1.217

DeltaT: 0.01
IF
X', Y', Th': -0.0918562, 0.599155, 1.87505
global_time: 1.226

DeltaT: 0.009
IF
X', Y', Th': -0.0932091, 0.603447, 1.8773
odomX, odomY: -1.85147, -0.499991
global_time: 1.236

DeltaT: 0.01
IF
X', Y', Th': -0.0947237, 0.608212, 1.8798
global_time: 1.246

DeltaT: 0.01
IF
X', Y', Th': -0.0962502, 0.612974, 1.8823
global_time: 1.256

DeltaT: 0.01
IF
X', Y', Th': -0.0977886, 0.617731, 1.8848
odomX, odomY: -1.83698, -0.499935
global_time: 1.266

DeltaT: 0.01
IF
X', Y', Th': -0.0993388, 0.622485, 1.8873
global_time: 1.276

DeltaT: 0.01
IF
X', Y', Th': -0.100901, 0.627234, 1.8898
global_time: 1.286

DeltaT: 0.01
IF
X', Y', Th': -0.102475, 0.63198, 1.8923
global_time: 1.296

DeltaT: 0.01
IF
X', Y', Th': -0.104061, 0.636722, 1.8948
odomX, odomY: -1.82224, -0.499881
global_time: 1.306

DeltaT: 0.01
IF
X', Y', Th': -0.105659, 0.64146, 1.8973
global_time: 1.316

DeltaT: 0.01
IF
X', Y', Th': -0.107268, 0.646194, 1.8998
global_time: 1.326

DeltaT: 0.01
IF
X', Y', Th': -0.10889, 0.650923, 1.9023
odomX, odomY: -1.80722, -0.499854
global_time: 1.336

DeltaT: 0.01
IF
X', Y', Th': -0.110523, 0.655649, 1.9048
global_time: 1.347

DeltaT: 0.011
IF
X', Y', Th': -0.112333, 0.660843, 1.90755
global_time: 1.356

DeltaT: 0.009
IF
X', Y', Th': -0.113825, 0.665088, 1.9098
odomX, odomY: -1.79146, -0.49984
global_time: 1.366

DeltaT: 0.01
IF
X', Y', Th': -0.115493, 0.669802, 1.9123
global_time: 1.376

DeltaT: 0.01
IF
X', Y', Th': -0.117174, 0.674511, 1.9148
global_time: 1.386

DeltaT: 0.01
IF
X', Y', Th': -0.118866, 0.679216, 1.9173
global_time: 1.396

DeltaT: 0.01
IF
X', Y', Th': -0.12057, 0.683917, 1.9198
odomX, odomY: -1.77565, -0.499793
global_time: 1.406

DeltaT: 0.01
IF
X', Y', Th': -0.122285, 0.688613, 1.9223
global_time: 1.417

DeltaT: 0.011
IF
X', Y', Th': -0.124186, 0.693774, 1.92505
global_time: 1.426

DeltaT: 0.009
IF
X', Y', Th': -0.125752, 0.697993, 1.9273
odomX, odomY: -1.75932, -0.499649
global_time: 1.436

DeltaT: 0.01
IF
X', Y', Th': -0.127503, 0.702676, 1.9298
global_time: 1.446

DeltaT: 0.01
IF
X', Y', Th': -0.129265, 0.707355, 1.9323
global_time: 1.456

DeltaT: 0.01
IF
X', Y', Th': -0.13104, 0.71203, 1.9348
odomX, odomY: -1.74239, -0.499361
global_time: 1.466

DeltaT: 0.01
IF
X', Y', Th': -0.132825, 0.7167, 1.9373
global_time: 1.476

DeltaT: 0.01
IF
X', Y', Th': -0.134623, 0.721366, 1.9398
global_time: 1.486

DeltaT: 0.01
IF
X', Y', Th': -0.136432, 0.726027, 1.9423
global_time: 1.496

DeltaT: 0.01
IF
X', Y', Th': -0.138253, 0.730684, 1.9448
odomX, odomY: -1.72597, -0.498945
global_time: 1.507

DeltaT: 0.011
IF
X', Y', Th': -0.14027, 0.735801, 1.94755
global_time: 1.516

DeltaT: 0.009
IF
X', Y', Th': -0.14193, 0.739983, 1.9498
global_time: 1.526

DeltaT: 0.01
IF
X', Y', Th': -0.143786, 0.744626, 1.9523
odomX, odomY: -1.70956, -0.498395
global_time: 1.538

DeltaT: 0.012
IF
X', Y', Th': -0.146028, 0.750191, 1.9553
global_time: 1.547

DeltaT: 0.009
IF
X', Y', Th': -0.14772, 0.754361, 1.95755
global_time: 1.556

DeltaT: 0.009
IF
X', Y', Th': -0.149422, 0.758527, 1.9598
odomX, odomY: -1.69265, -0.497689
global_time: 1.566

DeltaT: 0.01
IF
X', Y', Th': -0.151325, 0.763151, 1.9623
global_time: 1.577

DeltaT: 0.011
IF
X', Y', Th': -0.15343, 0.768232, 1.96505
global_time: 1.587

DeltaT: 0.01
IF
X', Y', Th': -0.155357, 0.772846, 1.96755
odomX, odomY: -1.67625, -0.496866
global_time: 1.596

DeltaT: 0.009
IF
X', Y', Th': -0.1571, 0.776994, 1.9698
global_time: 1.607

DeltaT: 0.011
IF
X', Y', Th': -0.159244, 0.782059, 1.97255
global_time: 1.616

DeltaT: 0.009
IF
X', Y', Th': -0.161008, 0.786199, 1.9748
global_time: 1.626

DeltaT: 0.01
IF
X', Y', Th': -0.162979, 0.790794, 1.9773
odomX, odomY: -1.65985, -0.495908
global_time: 1.638

DeltaT: 0.012
IF
X', Y', Th': -0.16536, 0.796301, 1.9803
global_time: 1.647

DeltaT: 0.009
IF
X', Y', Th': -0.167156, 0.800427, 1.98255
global_time: 1.656

DeltaT: 0.009
IF
X', Y', Th': -0.168962, 0.804549, 1.9848
odomX, odomY: -1.64297, -0.494779
global_time: 1.666

DeltaT: 0.01
IF
X', Y', Th': -0.170979, 0.809124, 1.9873
global_time: 1.676

DeltaT: 0.01
IF
X', Y', Th': -0.173008, 0.813694, 1.9898
global_time: 1.687

DeltaT: 0.011
IF
X', Y', Th': -0.175252, 0.818715, 1.99255
odomX, odomY: -1.62659, -0.493547
global_time: 1.696

DeltaT: 0.009
IF
X', Y', Th': -0.177099, 0.822819, 1.9948
global_time: 1.706

DeltaT: 0.01
IF
X', Y', Th': -0.179162, 0.827374, 1.9973
global_time: 1.717

DeltaT: 0.011
IF
X', Y', Th': -0.181444, 0.832378, 2.00005
global_time: 1.727

DeltaT: 0.01
IF
X', Y', Th': -0.18353, 0.836922, 2.00255
odomX, odomY: -1.61022, -0.492181
global_time: 1.736

DeltaT: 0.009
IF
X', Y', Th': -0.185418, 0.841007, 2.0048
global_time: 1.747

DeltaT: 0.011
IF
X', Y', Th': -0.187738, 0.845994, 2.00755
global_time: 1.757

DeltaT: 0.01
IF
X', Y', Th': -0.189858, 0.850522, 2.01005
odomX, odomY: -1.59337, -0.490634
global_time: 1.766

DeltaT: 0.009
IF
X', Y', Th': -0.191777, 0.854592, 2.0123
global_time: 1.776

DeltaT: 0.01
IF
X', Y', Th': -0.193919, 0.85911, 2.0148
global_time: 1.787

DeltaT: 0.011
IF
X', Y', Th': -0.196288, 0.864074, 2.01755
odomX, odomY: -1.57704, -0.488998
global_time: 1.796

DeltaT: 0.009
IF
X', Y', Th': -0.198237, 0.86813, 2.0198
global_time: 1.806

DeltaT: 0.01
IF
X', Y', Th': -0.200413, 0.872631, 2.0223
global_time: 1.816

DeltaT: 0.01
IF
X', Y', Th': -0.2026, 0.877128, 2.0248
global_time: 1.826

DeltaT: 0.01
IF
X', Y', Th': -0.204798, 0.881618, 2.0273
odomX, odomY: -1.56072, -0.487224
global_time: 1.836

DeltaT: 0.01
IF
X', Y', Th': -0.207008, 0.886104, 2.0298
global_time: 1.846

DeltaT: 0.01
IF
X', Y', Th': -0.209229, 0.890583, 2.0323
global_time: 1.856

DeltaT: 0.01
IF
X', Y', Th': -0.211461, 0.895058, 2.0348
odomX, odomY: -1.54391, -0.485255
global_time: 1.867

DeltaT: 0.011
IF
X', Y', Th': -0.213929, 0.899973, 2.03755
global_time: 1.877

DeltaT: 0.01
IF
X', Y', Th': -0.216185, 0.904435, 2.04005
global_time: 1.886

DeltaT: 0.009
IF
X', Y', Th': -0.218224, 0.908446, 2.0423
global_time: 1.896

DeltaT: 0.01
IF
X', Y', Th': -0.220501, 0.912898, 2.0448
odomX, odomY: -1.52761, -0.483207
global_time: 1.906

DeltaT: 0.01
IF
X', Y', Th': -0.222789, 0.917344, 2.0473
global_time: 1.916

DeltaT: 0.01
IF
X', Y', Th': -0.225087, 0.921784, 2.0498
global_time: 1.926

DeltaT: 0.01
IF
X', Y', Th': -0.227397, 0.926218, 2.0523
odomX, odomY: -1.51133, -0.481025
global_time: 1.936

DeltaT: 0.01
IF
X', Y', Th': -0.229719, 0.930647, 2.0548
global_time: 1.946

DeltaT: 0.01
IF
X', Y', Th': -0.232051, 0.93507, 2.0573
global_time: 1.956

DeltaT: 0.01
IF
X', Y', Th': -0.234394, 0.939487, 2.0598
odomX, odomY: -1.49457, -0.478637
global_time: 1.966

DeltaT: 0.01
IF
X', Y', Th': -0.236748, 0.943898, 2.0623
global_time: 1.976

DeltaT: 0.01
IF
X', Y', Th': -0.239113, 0.948303, 2.0648
global_time: 1.986

DeltaT: 0.01
IF
X', Y', Th': -0.24149, 0.952702, 2.0673
global_time: 1.996

DeltaT: 0.01
IF
X', Y', Th': -0.243877, 0.957095, 2.0698
odomX, odomY: -1.47833, -0.476185
global_time: 2.006

DeltaT: 0.01
IF
X', Y', Th': -0.246275, 0.961483, 2.0723
global_time: 2.016

DeltaT: 0.01
IF
X', Y', Th': -0.248684, 0.965864, 2.0748
global_time: 2.026

DeltaT: 0.01
IF
X', Y', Th': -0.251104, 0.970239, 2.0773
odomX, odomY: -1.46212, -0.473601
global_time: 2.036

DeltaT: 0.01
IF
X', Y', Th': -0.253536, 0.974609, 2.0798
global_time: 2.046

DeltaT: 0.01
IF
X', Y', Th': -0.255977, 0.978972, 2.0823
global_time: 2.056

DeltaT: 0.01
IF
X', Y', Th': -0.25843, 0.983329, 2.0848
odomX, odomY: -1.44543, -0.470794
global_time: 2.066

DeltaT: 0.01
IF
X', Y', Th': -0.260894, 0.987679, 2.0873
global_time: 2.076

DeltaT: 0.01
IF
X', Y', Th': -0.263369, 0.992024, 2.0898
global_time: 2.087

DeltaT: 0.011
IF
X', Y', Th': -0.266103, 0.996796, 2.09255
odomX, odomY: -1.42926, -0.467935
global_time: 2.096

DeltaT: 0.009
IF
X', Y', Th': -0.268351, 1.00069, 2.0948
global_time: 2.106

DeltaT: 0.01
IF
X', Y', Th': -0.270858, 1.00502, 2.0973
global_time: 2.116

DeltaT: 0.01
IF
X', Y', Th': -0.273376, 1.00934, 2.0998
global_time: 2.127

DeltaT: 0.011
IF
X', Y', Th': -0.276158, 1.01408, 2.10255
odomX, odomY: -1.41312, -0.464944
global_time: 2.136

DeltaT: 0.009
IF
X', Y', Th': -0.278444, 1.01796, 2.1048
global_time: 2.146

DeltaT: 0.01
IF
X', Y', Th': -0.280994, 1.02226, 2.1073
global_time: 2.156

DeltaT: 0.01
IF
X', Y', Th': -0.283555, 1.02656, 2.1098
odomX, odomY: -1.3965, -0.461722
global_time: 2.166

DeltaT: 0.01
IF
X', Y', Th': -0.286127, 1.03084, 2.1123
global_time: 2.177

DeltaT: 0.011
IF
X', Y', Th': -0.288968, 1.03555, 2.11505
global_time: 2.186

DeltaT: 0.009
IF
X', Y', Th': -0.291303, 1.0394, 2.1173
global_time: 2.197

DeltaT: 0.011
IF
X', Y', Th': -0.294167, 1.0441, 2.12005
odomX, odomY: -1.38039, -0.458459
global_time: 2.206

DeltaT: 0.009
IF
X', Y', Th': -0.296521, 1.04793, 2.1223
global_time: 2.216

DeltaT: 0.01
IF
X', Y', Th': -0.299146, 1.05219, 2.1248
global_time: 2.226

DeltaT: 0.01
IF
X', Y', Th': -0.301782, 1.05644, 2.1273
odomX, odomY: -1.36432, -0.455066
global_time: 2.236

DeltaT: 0.01
IF
X', Y', Th': -0.304428, 1.06068, 2.1298
global_time: 2.246

DeltaT: 0.01
IF
X', Y', Th': -0.307085, 1.06491, 2.1323
global_time: 2.257

DeltaT: 0.011
IF
X', Y', Th': -0.31002, 1.06956, 2.13505
odomX, odomY: -1.3478, -0.451433
global_time: 2.267

DeltaT: 0.01
IF
X', Y', Th': -0.312699, 1.07379, 2.13755
global_time: 2.276

DeltaT: 0.009
IF
X', Y', Th': -0.31512, 1.07758, 2.1398
global_time: 2.286

DeltaT: 0.01
IF
X', Y', Th': -0.317819, 1.08179, 2.1423
global_time: 2.297

DeltaT: 0.011
IF
X', Y', Th': -0.3208, 1.08641, 2.14505
odomX, odomY: -1.3318, -0.447772
global_time: 2.306

DeltaT: 0.009
IF
X', Y', Th': -0.323249, 1.09019, 2.1473
global_time: 2.316

DeltaT: 0.01
IF
X', Y', Th': -0.325979, 1.09437, 2.1498
global_time: 2.327

DeltaT: 0.011
IF
X', Y', Th': -0.328995, 1.09897, 2.15255
odomX, odomY: -1.31583, -0.443978
global_time: 2.336

DeltaT: 0.009
IF
X', Y', Th': -0.331472, 1.10273, 2.1548
global_time: 2.346

DeltaT: 0.01
IF
X', Y', Th': -0.334234, 1.1069, 2.1573
global_time: 2.356

DeltaT: 0.01
IF
X', Y', Th': -0.337007, 1.11106, 2.1598
odomX, odomY: -1.29939, -0.439931
global_time: 2.367

DeltaT: 0.011
IF
X', Y', Th': -0.340068, 1.11563, 2.16255
global_time: 2.376

DeltaT: 0.009
IF
X', Y', Th': -0.342583, 1.11936, 2.1648
global_time: 2.386

DeltaT: 0.01
IF
X', Y', Th': -0.345386, 1.1235, 2.1673
global_time: 2.397

DeltaT: 0.011
IF
X', Y', Th': -0.348482, 1.12805, 2.17005
odomX, odomY: -1.28347, -0.435868
global_time: 2.406

DeltaT: 0.009
IF
X', Y', Th': -0.351025, 1.13176, 2.1723
global_time: 2.416

DeltaT: 0.01
IF
X', Y', Th': -0.353859, 1.13588, 2.1748
global_time: 2.426

DeltaT: 0.01
IF
X', Y', Th': -0.356704, 1.13999, 2.1773
odomX, odomY: -1.26758, -0.431674
global_time: 2.436

DeltaT: 0.01
IF
X', Y', Th': -0.359559, 1.1441, 2.1798
global_time: 2.447

DeltaT: 0.011
IF
X', Y', Th': -0.362712, 1.1486, 2.18255
global_time: 2.457

DeltaT: 0.01
IF
X', Y', Th': -0.365588, 1.15269, 2.18505
odomX, odomY: -1.25125, -0.427235
global_time: 2.466

DeltaT: 0.009
IF
X', Y', Th': -0.368186, 1.15637, 2.1873
global_time: 2.476

DeltaT: 0.01
IF
X', Y', Th': -0.371082, 1.16044, 2.1898
global_time: 2.486

DeltaT: 0.01
IF
X', Y', Th': -0.373988, 1.16451, 2.1923
global_time: 2.496

DeltaT: 0.01
IF
X', Y', Th': -0.376904, 1.16857, 2.1948
odomX, odomY: -1.23545, -0.422797
global_time: 2.506

DeltaT: 0.01
IF
X', Y', Th': -0.379831, 1.17263, 2.1973
global_time: 2.516

DeltaT: 0.01
IF
X', Y', Th': -0.382767, 1.17667, 2.1998
global_time: 2.526

DeltaT: 0.01
IF
X', Y', Th': -0.385714, 1.18071, 2.2023
odomX, odomY: -1.21969, -0.418211
global_time: 2.536

DeltaT: 0.01
IF
X', Y', Th': -0.388671, 1.18474, 2.2048
global_time: 2.546

DeltaT: 0.01
IF
X', Y', Th': -0.391638, 1.18877, 2.2073
global_time: 2.556

DeltaT: 0.01
IF
X', Y', Th': -0.394615, 1.19279, 2.2098
odomX, odomY: -1.20348, -0.413348
global_time: 2.567

DeltaT: 0.011
IF
X', Y', Th': -0.397901, 1.1972, 2.21255
global_time: 2.576

DeltaT: 0.009
IF
X', Y', Th': -0.400599, 1.2008, 2.2148
global_time: 2.586

DeltaT: 0.01
IF
X', Y', Th': -0.403606, 1.20479, 2.2173
global_time: 2.596

DeltaT: 0.01
IF
X', Y', Th': -0.406623, 1.20878, 2.2198
odomX, odomY: -1.18778, -0.408496
global_time: 2.607

DeltaT: 0.011
IF
X', Y', Th': -0.409953, 1.21316, 2.22255
global_time: 2.617

DeltaT: 0.01
IF
X', Y', Th': -0.412991, 1.21713, 2.22505
global_time: 2.627

DeltaT: 0.01
IF
X', Y', Th': -0.416039, 1.22109, 2.22755
odomX, odomY: -1.17212, -0.403513
global_time: 2.636

DeltaT: 0.009
IF
X', Y', Th': -0.41879, 1.22465, 2.2298
global_time: 2.647

DeltaT: 0.011
IF
X', Y', Th': -0.422164, 1.229, 2.23255
global_time: 2.656

DeltaT: 0.009
IF
X', Y', Th': -0.424933, 1.23254, 2.2348
odomX, odomY: -1.15603, -0.398246
global_time: 2.666

DeltaT: 0.01
IF
X', Y', Th': -0.428019, 1.23648, 2.2373
global_time: 2.676

DeltaT: 0.01
IF
X', Y', Th': -0.431115, 1.2404, 2.2398
global_time: 2.687

DeltaT: 0.011
IF
X', Y', Th': -0.434533, 1.24471, 2.24255
odomX, odomY: -1.14048, -0.393013
global_time: 2.696

DeltaT: 0.009
IF
X', Y', Th': -0.437337, 1.24823, 2.2448
global_time: 2.706

DeltaT: 0.01
IF
X', Y', Th': -0.440463, 1.25214, 2.2473
global_time: 2.716

DeltaT: 0.01
IF
X', Y', Th': -0.443598, 1.25603, 2.2498
global_time: 2.726

DeltaT: 0.01
IF
X', Y', Th': -0.446743, 1.25992, 2.2523
odomX, odomY: -1.12497, -0.387646
global_time: 2.737

DeltaT: 0.011
IF
X', Y', Th': -0.450213, 1.26418, 2.25505
global_time: 2.746

DeltaT: 0.009
IF
X', Y', Th': -0.453062, 1.26767, 2.2573
global_time: 2.756

DeltaT: 0.01
IF
X', Y', Th': -0.456236, 1.27153, 2.2598
odomX, odomY: -1.10902, -0.381981
global_time: 2.766

DeltaT: 0.01
IF
X', Y', Th': -0.459419, 1.27539, 2.2623
global_time: 2.777

DeltaT: 0.011
IF
X', Y', Th': -0.462932, 1.27962, 2.26505
global_time: 2.786

DeltaT: 0.009
IF
X', Y', Th': -0.465815, 1.28307, 2.2673
global_time: 2.796

DeltaT: 0.01
IF
X', Y', Th': -0.469028, 1.28691, 2.2698
odomX, odomY: -1.09359, -0.376352
global_time: 2.806

DeltaT: 0.01
IF
X', Y', Th': -0.47225, 1.29073, 2.2723
global_time: 2.817

DeltaT: 0.011
IF
X', Y', Th': -0.475805, 1.29492, 2.27505
global_time: 2.827

DeltaT: 0.01
IF
X', Y', Th': -0.479047, 1.29873, 2.27755
odomX, odomY: -1.0782, -0.370593
global_time: 2.836

DeltaT: 0.009
IF
X', Y', Th': -0.481973, 1.30215, 2.2798
global_time: 2.846

DeltaT: 0.01
IF
X', Y', Th': -0.485233, 1.30594, 2.2823
global_time: 2.856

DeltaT: 0.01
IF
X', Y', Th': -0.488503, 1.30972, 2.2848
odomX, odomY: -1.06239, -0.36453
global_time: 2.866

DeltaT: 0.01
IF
X', Y', Th': -0.491782, 1.3135, 2.2873
global_time: 2.876

DeltaT: 0.01
IF
X', Y', Th': -0.495071, 1.31727, 2.2898
global_time: 2.886

DeltaT: 0.011
IF
X', Y', Th': -0.498699, 1.3214, 2.29255
odomX, odomY: -1.04711, -0.358521
global_time: 2.896

DeltaT: 0.009
IF
X', Y', Th': -0.501676, 1.32477, 2.2948
global_time: 2.907

DeltaT: 0.011
IF
X', Y', Th': -0.505324, 1.32889, 2.29755
global_time: 2.916

DeltaT: 0.009
IF
X', Y', Th': -0.508318, 1.33225, 2.2998
global_time: 2.926

DeltaT: 0.01
IF
X', Y', Th': -0.511653, 1.33597, 2.3023
odomX, odomY: -1.03189, -0.352392
global_time: 2.936

DeltaT: 0.01
IF
X', Y', Th': -0.514998, 1.33969, 2.3048
global_time: 2.946

DeltaT: 0.01
IF
X', Y', Th': -0.518352, 1.3434, 2.3073
global_time: 2.957

DeltaT: 0.011
IF
X', Y', Th': -0.522052, 1.34747, 2.31005
odomX, odomY: -1.01625, -0.345939
global_time: 2.966

DeltaT: 0.009
IF
X', Y', Th': -0.525087, 1.35079, 2.3123
global_time: 2.976

DeltaT: 0.01
IF
X', Y', Th': -0.528469, 1.35447, 2.3148
global_time: 2.986

DeltaT: 0.01
IF
X', Y', Th': -0.53186, 1.35815, 2.3173
global_time: 2.996

DeltaT: 0.01
IF
X', Y', Th': -0.53526, 1.36181, 2.3198
odomX, odomY: -1.00112, -0.339546
global_time: 3.006

DeltaT: 0.01
IF
X', Y', Th': -0.538669, 1.36547, 2.3223
global_time: 3.016

DeltaT: 0.01
IF
X', Y', Th': -0.542087, 1.36912, 2.3248
global_time: 3.027

DeltaT: 0.011
IF
X', Y', Th': -0.545858, 1.37312, 2.32755
odomX, odomY: -0.986037, -0.333028
global_time: 3.036

DeltaT: 0.009
IF
X', Y', Th': -0.548951, 1.37639, 2.3298
global_time: 3.046

DeltaT: 0.01
IF
X', Y', Th': -0.552396, 1.38002, 2.3323
global_time: 3.056

DeltaT: 0.01
IF
X', Y', Th': -0.555851, 1.38363, 2.3348
odomX, odomY: -0.97056, -0.326185
global_time: 3.066

DeltaT: 0.01
IF
X', Y', Th': -0.559315, 1.38724, 2.3373
global_time: 3.076

DeltaT: 0.01
IF
X', Y', Th': -0.562787, 1.39083, 2.3398
global_time: 3.086

DeltaT: 0.01
IF
X', Y', Th': -0.566269, 1.39442, 2.3423
global_time: 3.097

DeltaT: 0.011
IF
X', Y', Th': -0.570109, 1.39836, 2.34505
odomX, odomY: -0.95559, -0.319418
global_time: 3.106

DeltaT: 0.009
IF
X', Y', Th': -0.573259, 1.40157, 2.3473
global_time: 3.116

DeltaT: 0.01
IF
X', Y', Th': -0.576767, 1.40514, 2.3498
global_time: 3.127

DeltaT: 0.011
IF
X', Y', Th': -0.580637, 1.40904, 2.35255
odomX, odomY: -0.940684, -0.312532
global_time: 3.136

DeltaT: 0.009
IF
X', Y', Th': -0.583811, 1.41223, 2.3548
global_time: 3.146

DeltaT: 0.01
IF
X', Y', Th': -0.587346, 1.41577, 2.3573
global_time: 3.157

DeltaT: 0.011
IF
X', Y', Th': -0.591244, 1.41965, 2.36005
odomX, odomY: -0.925394, -0.305311
global_time: 3.166

DeltaT: 0.009
IF
X', Y', Th': -0.594442, 1.42282, 2.3623
global_time: 3.177

DeltaT: 0.011
IF
X', Y', Th': -0.59836, 1.42668, 2.36505
global_time: 3.186

DeltaT: 0.009
IF
X', Y', Th': -0.601574, 1.42983, 2.3673
global_time: 3.196

DeltaT: 0.01
IF
X', Y', Th': -0.605153, 1.43332, 2.3698
odomX, odomY: -0.910601, -0.298172
global_time: 3.207

DeltaT: 0.011
IF
X', Y', Th': -0.609099, 1.43715, 2.37255
global_time: 3.216

DeltaT: 0.009
IF
X', Y', Th': -0.612337, 1.44027, 2.3748
global_time: 3.226

DeltaT: 0.01
IF
X', Y', Th': -0.615942, 1.44374, 2.3773
odomX, odomY: -0.895866, -0.29091
global_time: 3.236

DeltaT: 0.01
IF
X', Y', Th': -0.619555, 1.44719, 2.3798
global_time: 3.246

DeltaT: 0.01
IF
X', Y', Th': -0.623178, 1.45064, 2.3823
global_time: 3.256

DeltaT: 0.01
IF
X', Y', Th': -0.626808, 1.45408, 2.3848
odomX, odomY: -0.880752, -0.283305
global_time: 3.267

DeltaT: 0.011
IF
X', Y', Th': -0.630812, 1.45785, 2.38755
global_time: 3.276

DeltaT: 0.009
IF
X', Y', Th': -0.634096, 1.46093, 2.3898
global_time: 3.286

DeltaT: 0.01
IF
X', Y', Th': -0.637753, 1.46434, 2.3923
global_time: 3.296

DeltaT: 0.01
IF
X', Y', Th': -0.641418, 1.46774, 2.3948
odomX, odomY: -0.86614, -0.275799
global_time: 3.306

DeltaT: 0.01
IF
X', Y', Th': -0.645091, 1.47113, 2.3973
global_time: 3.316

DeltaT: 0.01
IF
X', Y', Th': -0.648773, 1.47451, 2.3998
global_time: 3.326

DeltaT: 0.01
IF
X', Y', Th': -0.652464, 1.47789, 2.4023
odomX, odomY: -0.851587, -0.268172
global_time: 3.337

DeltaT: 0.011
IF
X', Y', Th': -0.656533, 1.48159, 2.40505
global_time: 3.346

DeltaT: 0.009
IF
X', Y', Th': -0.65987, 1.4846, 2.4073
global_time: 3.356

DeltaT: 0.01
IF
X', Y', Th': -0.663586, 1.48795, 2.4098
odomX, odomY: -0.836676, -0.260199
global_time: 3.366

DeltaT: 0.01
IF
X', Y', Th': -0.66731, 1.49129, 2.4123
global_time: 3.376

DeltaT: 0.01
IF
X', Y', Th': -0.671042, 1.49461, 2.4148
global_time: 3.386

DeltaT: 0.01
IF
X', Y', Th': -0.674783, 1.49793, 2.4173
global_time: 3.397

DeltaT: 0.011
IF
X', Y', Th': -0.678907, 1.50157, 2.42005
odomX, odomY: -0.822259, -0.252331
global_time: 3.406

DeltaT: 0.009
IF
X', Y', Th': -0.682289, 1.50454, 2.4223
global_time: 3.416

DeltaT: 0.01
IF
X', Y', Th': -0.686054, 1.50783, 2.4248
global_time: 3.427

DeltaT: 0.011
IF
X', Y', Th': -0.690206, 1.51144, 2.42755
odomX, odomY: -0.807907, -0.244345
global_time: 3.436

DeltaT: 0.009
IF
X', Y', Th': -0.69361, 1.51438, 2.4298
global_time: 3.447

DeltaT: 0.011
IF
X', Y', Th': -0.69778, 1.51797, 2.43255
global_time: 3.457

DeltaT: 0.01
IF
X', Y', Th': -0.701578, 1.52122, 2.43505
odomX, odomY: -0.793195, -0.235996
global_time: 3.466

DeltaT: 0.009
IF
X', Y', Th': -0.705005, 1.52413, 2.4373
global_time: 3.476

DeltaT: 0.01
IF
X', Y', Th': -0.708819, 1.52737, 2.4398
global_time: 3.486

DeltaT: 0.01
IF
X', Y', Th': -0.712641, 1.53059, 2.4423
global_time: 3.497

DeltaT: 0.011
IF
X', Y', Th': -0.716855, 1.53413, 2.44505
odomX, odomY: -0.778977, -0.227771
global_time: 3.506

DeltaT: 0.009
IF
X', Y', Th': -0.72031, 1.53701, 2.4473
global_time: 3.517

DeltaT: 0.011
IF
X', Y', Th': -0.724542, 1.54052, 2.45005
global_time: 3.527

DeltaT: 0.01
IF
X', Y', Th': -0.728397, 1.54371, 2.45255
odomX, odomY: -0.764822, -0.219426
global_time: 3.536

DeltaT: 0.009
IF
X', Y', Th': -0.731874, 1.54656, 2.4548
global_time: 3.546

DeltaT: 0.01
IF
X', Y', Th': -0.735744, 1.54973, 2.4573
global_time: 3.556

DeltaT: 0.01
IF
X', Y', Th': -0.739622, 1.55288, 2.4598
odomX, odomY: -0.75031, -0.210708
global_time: 3.567

DeltaT: 0.011
IF
X', Y', Th': -0.743898, 1.55634, 2.46255
global_time: 3.576

DeltaT: 0.009
IF
X', Y', Th': -0.747403, 1.55917, 2.4648
global_time: 3.586

DeltaT: 0.01
IF
X', Y', Th': -0.751304, 1.56229, 2.4673
global_time: 3.596

DeltaT: 0.01
IF
X', Y', Th': -0.755214, 1.56541, 2.4698
odomX, odomY: -0.736314, -0.202138
global_time: 3.606

DeltaT: 0.01
IF
X', Y', Th': -0.759131, 1.56852, 2.4723
global_time: 3.616

DeltaT: 0.01
IF
X', Y', Th': -0.763057, 1.57161, 2.4748
global_time: 3.626

DeltaT: 0.01
IF
X', Y', Th': -0.76699, 1.5747, 2.4773
odomX, odomY: -0.722379, -0.193446
global_time: 3.636

DeltaT: 0.01
IF
X', Y', Th': -0.77093, 1.57778, 2.4798
global_time: 3.646

DeltaT: 0.01
IF
X', Y', Th': -0.774878, 1.58085, 2.4823
global_time: 3.656

DeltaT: 0.01
IF
X', Y', Th': -0.778834, 1.5839, 2.4848
odomX, odomY: -0.708103, -0.184374
global_time: 3.666

DeltaT: 0.01
IF
X', Y', Th': -0.782798, 1.58695, 2.4873
global_time: 3.676

DeltaT: 0.01
IF
X', Y', Th': -0.786769, 1.58999, 2.4898
global_time: 3.686

DeltaT: 0.01
IF
X', Y', Th': -0.790748, 1.59302, 2.4923
global_time: 3.696

DeltaT: 0.01
IF
X', Y', Th': -0.794734, 1.59604, 2.4948
odomX, odomY: -0.694315, -0.17545
global_time: 3.707

DeltaT: 0.011
IF
X', Y', Th': -0.799128, 1.59935, 2.49755
global_time: 3.717

DeltaT: 0.01
IF
X', Y', Th': -0.80313, 1.60234, 2.50005
global_time: 3.726

DeltaT: 0.009
IF
X', Y', Th': -0.806738, 1.60503, 2.5023
odomX, odomY: -0.680595, -0.16641
global_time: 3.736

DeltaT: 0.01
IF
X', Y', Th': -0.810755, 1.60801, 2.5048
global_time: 3.746

DeltaT: 0.01
IF
X', Y', Th': -0.814778, 1.61098, 2.5073
global_time: 3.757

DeltaT: 0.011
IF
X', Y', Th': -0.819213, 1.61423, 2.51005
odomX, odomY: -0.666534, -0.156976
global_time: 3.766

DeltaT: 0.009
IF
X', Y', Th': -0.822848, 1.61688, 2.5123
global_time: 3.776

DeltaT: 0.01
IF
X', Y', Th': -0.826894, 1.61982, 2.5148
global_time: 3.786

DeltaT: 0.01
IF
X', Y', Th': -0.830947, 1.62275, 2.5173
global_time: 3.796

DeltaT: 0.01
IF
X', Y', Th': -0.835008, 1.62567, 2.5198
odomX, odomY: -0.652968, -0.147709
global_time: 3.806

DeltaT: 0.01
IF
X', Y', Th': -0.839075, 1.62857, 2.5223
global_time: 3.816

DeltaT: 0.01
IF
X', Y', Th': -0.84315, 1.63147, 2.5248
global_time: 3.826

DeltaT: 0.01
IF
X', Y', Th': -0.847233, 1.63436, 2.5273
odomX, odomY: -0.639494, -0.138346
global_time: 3.836

DeltaT: 0.01
IF
X', Y', Th': -0.851322, 1.63724, 2.5298
global_time: 3.846

DeltaT: 0.01
IF
X', Y', Th': -0.855419, 1.6401, 2.5323
global_time: 3.856

DeltaT: 0.01
IF
X', Y', Th': -0.859523, 1.64296, 2.5348
odomX, odomY: -0.625688, -0.128573
global_time: 3.867

DeltaT: 0.011
IF
X', Y', Th': -0.864045, 1.64609, 2.53755
global_time: 3.876

DeltaT: 0.009
IF
X', Y', Th': -0.867752, 1.64864, 2.5398
global_time: 3.887

DeltaT: 0.011
IF
X', Y', Th': -0.87229, 1.65175, 2.54255
odomX, odomY: -0.612364, -0.118974
global_time: 3.896

DeltaT: 0.009
IF
X', Y', Th': -0.876009, 1.65428, 2.5448
global_time: 3.906

DeltaT: 0.01
IF
X', Y', Th': -0.880148, 1.65709, 2.5473
global_time: 3.917

DeltaT: 0.011
IF
X', Y', Th': -0.884709, 1.66016, 2.55005
global_time: 3.926

DeltaT: 0.009
IF
X', Y', Th': -0.888448, 1.66266, 2.5523
odomX, odomY: -0.599114, -0.109261
global_time: 3.937

DeltaT: 0.011
IF
X', Y', Th': -0.893024, 1.66571, 2.55505
global_time: 3.946

DeltaT: 0.009
IF
X', Y', Th': -0.896775, 1.6682, 2.5573
global_time: 3.957

DeltaT: 0.011
IF
X', Y', Th': -0.901367, 1.67123, 2.56005
odomX, odomY: -0.585541, -0.0991369
global_time: 3.967

DeltaT: 0.01
IF
X', Y', Th': -0.905548, 1.67397, 2.56255
global_time: 3.976

DeltaT: 0.009
IF
X', Y', Th': -0.909317, 1.67643, 2.5648
global_time: 3.987

DeltaT: 0.011
IF
X', Y', Th': -0.913932, 1.67942, 2.56755
odomX, odomY: -0.57245, -0.089201
global_time: 3.996

DeltaT: 0.009
IF
X', Y', Th': -0.917713, 1.68186, 2.5698
global_time: 4.006

DeltaT: 0.01
IF
X', Y', Th': -0.921921, 1.68456, 2.5723
global_time: 4.016

DeltaT: 0.01
IF
X', Y', Th': -0.926136, 1.68725, 2.5748
global_time: 4.026

DeltaT: 0.01
IF
X', Y', Th': -0.930357, 1.68993, 2.5773
odomX, odomY: -0.559454, -0.0791779
global_time: 4.036

DeltaT: 0.01
IF
X', Y', Th': -0.934585, 1.6926, 2.5798
global_time: 4.046

DeltaT: 0.01
IF
X', Y', Th': -0.93882, 1.69526, 2.5823
global_time: 4.056

DeltaT: 0.01
IF
X', Y', Th': -0.943062, 1.69791, 2.5848
odomX, odomY: -0.546156, -0.0687313
global_time: 4.066

DeltaT: 0.01
IF
X', Y', Th': -0.94731, 1.70054, 2.5873
global_time: 4.076

DeltaT: 0.01
IF
X', Y', Th': -0.951564, 1.70317, 2.5898
global_time: 4.086

DeltaT: 0.01
IF
X', Y', Th': -0.955826, 1.70578, 2.5923
global_time: 4.096

DeltaT: 0.01
IF
X', Y', Th': -0.960093, 1.70839, 2.5948
odomX, odomY: -0.533328, -0.0584803
global_time: 4.106

DeltaT: 0.01
IF
X', Y', Th': -0.964368, 1.71098, 2.5973
global_time: 4.116

DeltaT: 0.01
IF
X', Y', Th': -0.968648, 1.71357, 2.5998
global_time: 4.126

DeltaT: 0.01
IF
X', Y', Th': -0.972935, 1.71614, 2.6023
odomX, odomY: -0.520581, -0.0481201
global_time: 4.136

DeltaT: 0.01
IF
X', Y', Th': -0.977229, 1.7187, 2.6048
global_time: 4.147

DeltaT: 0.011
IF
X', Y', Th': -0.981959, 1.72151, 2.60755
global_time: 4.156

DeltaT: 0.009
IF
X', Y', Th': -0.985835, 1.7238, 2.6098
odomX, odomY: -0.507532, -0.0373325
global_time: 4.166

DeltaT: 0.01
IF
X', Y', Th': -0.990148, 1.72633, 2.6123
global_time: 4.176

DeltaT: 0.01
IF
X', Y', Th': -0.994467, 1.72884, 2.6148
global_time: 4.186

DeltaT: 0.01
IF
X', Y', Th': -0.998792, 1.73135, 2.6173
global_time: 4.197

DeltaT: 0.011
IF
X', Y', Th': -1.00356, 1.7341, 2.62005
odomX, odomY: -0.494953, -0.0267562
global_time: 4.206

DeltaT: 0.009
IF
X', Y', Th': -1.00746, 1.73634, 2.6223
global_time: 4.216

DeltaT: 0.01
IF
X', Y', Th': -1.01181, 1.73881, 2.6248
global_time: 4.226

DeltaT: 0.01
IF
X', Y', Th': -1.01616, 1.74128, 2.6273
odomX, odomY: -0.48247, -0.0160841
global_time: 4.236

DeltaT: 0.01
IF
X', Y', Th': -1.02051, 1.74373, 2.6298
global_time: 4.246

DeltaT: 0.01
IF
X', Y', Th': -1.02487, 1.74618, 2.6323
global_time: 4.256

DeltaT: 0.01
IF
X', Y', Th': -1.02924, 1.74861, 2.6348
odomX, odomY: -0.469714, -0.00499291
global_time: 4.266

DeltaT: 0.01
IF
X', Y', Th': -1.03362, 1.75103, 2.6373
global_time: 4.276

DeltaT: 0.01
IF
X', Y', Th': -1.038, 1.75344, 2.6398
global_time: 4.287

DeltaT: 0.011
IF
X', Y', Th': -1.04282, 1.75608, 2.64255
odomX, odomY: -0.457412, 0.00588519
global_time: 4.296

DeltaT: 0.009
IF
X', Y', Th': -1.04678, 1.75823, 2.6448
global_time: 4.306

DeltaT: 0.01
IF
X', Y', Th': -1.05118, 1.76061, 2.6473
global_time: 4.316

DeltaT: 0.01
IF
X', Y', Th': -1.05558, 1.76297, 2.6498
global_time: 4.326

DeltaT: 0.01
IF
X', Y', Th': -1.05999, 1.76533, 2.6523
odomX, odomY: -0.445198, 0.0168669
global_time: 4.336

DeltaT: 0.01
IF
X', Y', Th': -1.06441, 1.76767, 2.6548
global_time: 4.346

DeltaT: 0.01
IF
X', Y', Th': -1.06883, 1.77001, 2.6573
global_time: 4.356

DeltaT: 0.01
IF
X', Y', Th': -1.07326, 1.77233, 2.6598
odomX, odomY: -0.432705, 0.0282903
global_time: 4.368

DeltaT: 0.012
IF
X', Y', Th': -1.07858, 1.7751, 2.6628
global_time: 4.376

DeltaT: 0.008
IF
X', Y', Th': -1.08213, 1.77694, 2.6648
global_time: 4.386

DeltaT: 0.01
IF
X', Y', Th': -1.08657, 1.77923, 2.6673
global_time: 4.396

DeltaT: 0.01
IF
X', Y', Th': -1.09103, 1.78151, 2.6698
odomX, odomY: -0.420674, 0.0394775
global_time: 4.406

DeltaT: 0.01
IF
X', Y', Th': -1.09548, 1.78377, 2.6723
global_time: 4.416

DeltaT: 0.01
IF
X', Y', Th': -1.09994, 1.78603, 2.6748
global_time: 4.426

DeltaT: 0.01
IF
X', Y', Th': -1.10441, 1.78827, 2.6773
odomX, odomY: -0.408737, 0.0507596
global_time: 4.436

DeltaT: 0.01
IF
X', Y', Th': -1.10889, 1.79051, 2.6798
global_time: 4.446

DeltaT: 0.01
IF
X', Y', Th': -1.11337, 1.79273, 2.6823
global_time: 4.456

DeltaT: 0.01
IF
X', Y', Th': -1.11785, 1.79494, 2.6848
odomX, odomY: -0.396536, 0.0624847
global_time: 4.466

DeltaT: 0.01
IF
X', Y', Th': -1.12234, 1.79714, 2.6873
global_time: 4.476

DeltaT: 0.01
IF
X', Y', Th': -1.12684, 1.79933, 2.6898
global_time: 4.487

DeltaT: 0.011
IF
X', Y', Th': -1.13179, 1.80172, 2.69255
odomX, odomY: -0.3848, 0.0739543
global_time: 4.496

DeltaT: 0.009
IF
X', Y', Th': -1.13584, 1.80367, 2.6948
global_time: 4.506

DeltaT: 0.01
IF
X', Y', Th': -1.14035, 1.80583, 2.6973
global_time: 4.516

DeltaT: 0.01
IF
X', Y', Th': -1.14487, 1.80797, 2.6998
global_time: 4.526

DeltaT: 0.01
IF
X', Y', Th': -1.14939, 1.8101, 2.7023
odomX, odomY: -0.37315, 0.08553
global_time: 4.536

DeltaT: 0.01
IF
X', Y', Th': -1.15392, 1.81222, 2.7048
global_time: 4.546

DeltaT: 0.01
IF
X', Y', Th': -1.15846, 1.81433, 2.7073
global_time: 4.557

DeltaT: 0.011
IF
X', Y', Th': -1.16345, 1.81664, 2.71005
odomX, odomY: -0.361243, 0.0975605
global_time: 4.566

DeltaT: 0.009
IF
X', Y', Th': -1.16754, 1.81852, 2.7123
global_time: 4.576

DeltaT: 0.01
IF
X', Y', Th': -1.17209, 1.82059, 2.7148
global_time: 4.586

DeltaT: 0.01
IF
X', Y', Th': -1.17664, 1.82266, 2.7173
global_time: 4.596

DeltaT: 0.01
IF
X', Y', Th': -1.1812, 1.82471, 2.7198
odomX, odomY: -0.349789, 0.109329
global_time: 4.606

DeltaT: 0.01
IF
X', Y', Th': -1.18576, 1.82675, 2.7223
global_time: 4.616

DeltaT: 0.01
IF
X', Y', Th': -1.19033, 1.82878, 2.7248
global_time: 4.626

DeltaT: 0.01
IF
X', Y', Th': -1.19491, 1.8308, 2.7273
odomX, odomY: -0.33843, 0.121193
global_time: 4.636

DeltaT: 0.01
IF
X', Y', Th': -1.19949, 1.83281, 2.7298
global_time: 4.646

DeltaT: 0.01
IF
X', Y', Th': -1.20407, 1.8348, 2.7323
global_time: 4.658

DeltaT: 0.012
IF
X', Y', Th': -1.20958, 1.83718, 2.7353
odomX, odomY: -0.326825, 0.133515
global_time: 4.667

DeltaT: 0.009
IF
X', Y', Th': -1.21372, 1.83896, 2.73755
global_time: 4.676

DeltaT: 0.009
IF
X', Y', Th': -1.21786, 1.84072, 2.7398
global_time: 4.687

DeltaT: 0.011
IF
X', Y', Th': -1.22292, 1.84286, 2.74255
global_time: 4.696

DeltaT: 0.009
IF
X', Y', Th': -1.22707, 1.84461, 2.7448
odomX, odomY: -0.315668, 0.145562
global_time: 4.706

DeltaT: 0.01
IF
X', Y', Th': -1.23168, 1.84653, 2.7473
global_time: 4.716

DeltaT: 0.01
IF
X', Y', Th': -1.2363, 1.84845, 2.7498
global_time: 4.726

DeltaT: 0.01
IF
X', Y', Th': -1.24093, 1.85035, 2.7523
odomX, odomY: -0.304612, 0.157701
global_time: 4.736

DeltaT: 0.01
IF
X', Y', Th': -1.24555, 1.85224, 2.7548
global_time: 4.746

DeltaT: 0.01
IF
X', Y', Th': -1.25019, 1.85412, 2.7573
global_time: 4.756

DeltaT: 0.01
IF
X', Y', Th': -1.25482, 1.85599, 2.7598
odomX, odomY: -0.293322, 0.170308
global_time: 4.766

DeltaT: 0.01
IF
X', Y', Th': -1.25947, 1.85785, 2.7623
global_time: 4.776

DeltaT: 0.01
IF
X', Y', Th': -1.26411, 1.8597, 2.7648
global_time: 4.786

DeltaT: 0.01
IF
X', Y', Th': -1.26876, 1.86153, 2.7673
global_time: 4.796

DeltaT: 0.01
IF
X', Y', Th': -1.27342, 1.86335, 2.7698
odomX, odomY: -0.282472, 0.182628
global_time: 4.806

DeltaT: 0.01
IF
X', Y', Th': -1.27808, 1.86516, 2.7723
global_time: 4.817

DeltaT: 0.011
IF
X', Y', Th': -1.28321, 1.86714, 2.77505
global_time: 4.827

DeltaT: 0.01
IF
X', Y', Th': -1.28788, 1.86893, 2.77755
odomX, odomY: -0.271719, 0.195044
global_time: 4.836

DeltaT: 0.009
IF
X', Y', Th': -1.29209, 1.87053, 2.7798
global_time: 4.846

DeltaT: 0.01
IF
X', Y', Th': -1.29677, 1.87229, 2.7823
global_time: 4.856

DeltaT: 0.01
IF
X', Y', Th': -1.30145, 1.87404, 2.7848
odomX, odomY: -0.260743, 0.20793
global_time: 4.867

DeltaT: 0.011
IF
X', Y', Th': -1.30661, 1.87596, 2.78755
global_time: 4.876

DeltaT: 0.009
IF
X', Y', Th': -1.31083, 1.87751, 2.7898
global_time: 4.886

DeltaT: 0.01
IF
X', Y', Th': -1.31553, 1.87923, 2.7923
global_time: 4.896

DeltaT: 0.01
IF
X', Y', Th': -1.32023, 1.88093, 2.7948
odomX, odomY: -0.250193, 0.220527
global_time: 4.906

DeltaT: 0.01
IF
X', Y', Th': -1.32493, 1.88263, 2.7973
global_time: 4.916

DeltaT: 0.01
IF
X', Y', Th': -1.32964, 1.88431, 2.7998
global_time: 4.926

DeltaT: 0.01
IF
X', Y', Th': -1.33435, 1.88598, 2.8023
odomX, odomY: -0.239757, 0.233198
global_time: 4.936

DeltaT: 0.01
IF
X', Y', Th': -1.33907, 1.88764, 2.8048
global_time: 4.946

DeltaT: 0.01
IF
X', Y', Th': -1.34379, 1.88928, 2.8073
global_time: 4.956

DeltaT: 0.01
IF
X', Y', Th': -1.34852, 1.89092, 2.8098
odomX, odomY: -0.22911, 0.246352
global_time: 4.966

DeltaT: 0.01
IF
X', Y', Th': -1.35325, 1.89254, 2.8123
global_time: 4.976

DeltaT: 0.01
IF
X', Y', Th': -1.35798, 1.89415, 2.8148
global_time: 4.986

DeltaT: 0.01
IF
X', Y', Th': -1.36272, 1.89575, 2.8173
global_time: 4.996

DeltaT: 0.01
IF
X', Y', Th': -1.36746, 1.89734, 2.8198
odomX, odomY: -0.218889, 0.259196
global_time: 5.006

DeltaT: 0.01
IF
X', Y', Th': -1.3722, 1.89891, 2.8223
global_time: 5.016

DeltaT: 0.01
IF
X', Y', Th': -1.37695, 1.90048, 2.8248
global_time: 5.027

DeltaT: 0.011
IF
X', Y', Th': -1.38218, 1.90218, 2.82755
odomX, odomY: -0.20877, 0.27213
global_time: 5.036

DeltaT: 0.009
IF
X', Y', Th': -1.38646, 1.90357, 2.8298
global_time: 5.046

DeltaT: 0.01
IF
X', Y', Th': -1.39122, 1.9051, 2.8323
global_time: 5.056

DeltaT: 0.01
IF
X', Y', Th': -1.39599, 1.90661, 2.8348
odomX, odomY: -0.198451, 0.285546
global_time: 5.066

DeltaT: 0.01
IF
X', Y', Th': -1.40076, 1.90812, 2.8373
global_time: 5.077

DeltaT: 0.011
IF
X', Y', Th': -1.40601, 1.90976, 2.84005
global_time: 5.086

DeltaT: 0.009
IF
X', Y', Th': -1.4103, 1.91109, 2.8423
global_time: 5.097

DeltaT: 0.011
IF
X', Y', Th': -1.41556, 1.9127, 2.84505
odomX, odomY: -0.188541, 0.298655
global_time: 5.106

DeltaT: 0.009
IF
X', Y', Th': -1.41987, 1.91401, 2.8473
global_time: 5.116

DeltaT: 0.01
IF
X', Y', Th': -1.42465, 1.91546, 2.8498
global_time: 5.126

DeltaT: 0.01
IF
X', Y', Th': -1.42944, 1.91689, 2.8523
odomX, odomY: -0.17874, 0.311845
global_time: 5.136

DeltaT: 0.01
IF
X', Y', Th': -1.43424, 1.91831, 2.8548
global_time: 5.146

DeltaT: 0.01
IF
X', Y', Th': -1.43904, 1.91972, 2.8573
global_time: 5.156

DeltaT: 0.01
IF
X', Y', Th': -1.44384, 1.92111, 2.8598
odomX, odomY: -0.168768, 0.325503
global_time: 5.166

DeltaT: 0.01
IF
X', Y', Th': -1.44864, 1.9225, 2.8623
global_time: 5.176

DeltaT: 0.01
IF
X', Y', Th': -1.45345, 1.92387, 2.8648
global_time: 5.187

DeltaT: 0.011
IF
X', Y', Th': -1.45874, 1.92537, 2.86755
odomX, odomY: -0.159201, 0.338838
global_time: 5.197

DeltaT: 0.01
IF
X', Y', Th': -1.46356, 1.92671, 2.87005
global_time: 5.206

DeltaT: 0.009
IF
X', Y', Th': -1.46789, 1.92792, 2.8723
global_time: 5.216

DeltaT: 0.01
IF
X', Y', Th': -1.47272, 1.92924, 2.8748
global_time: 5.226

DeltaT: 0.01
IF
X', Y', Th': -1.47754, 1.93055, 2.8773
odomX, odomY: -0.14974, 0.352257
global_time: 5.236

DeltaT: 0.01
IF
X', Y', Th': -1.48237, 1.93185, 2.8798
global_time: 5.246

DeltaT: 0.01
IF
X', Y', Th': -1.4872, 1.93314, 2.8823
global_time: 5.256

DeltaT: 0.01
IF
X', Y', Th': -1.49203, 1.93442, 2.8848
odomX, odomY: -0.140104, 0.36617
global_time: 5.266

DeltaT: 0.01
IF
X', Y', Th': -1.49687, 1.93568, 2.8873
global_time: 5.276

DeltaT: 0.01
IF
X', Y', Th': -1.50171, 1.93693, 2.8898
global_time: 5.286

DeltaT: 0.01
IF
X', Y', Th': -1.50656, 1.93817, 2.8923
global_time: 5.296

DeltaT: 0.01
IF
X', Y', Th': -1.5114, 1.9394, 2.8948
odomX, odomY: -0.13086, 0.379756
global_time: 5.306

DeltaT: 0.01
IF
X', Y', Th': -1.51625, 1.94062, 2.8973
global_time: 5.316

DeltaT: 0.01
IF
X', Y', Th': -1.52111, 1.94182, 2.8998
global_time: 5.326

DeltaT: 0.01
IF
X', Y', Th': -1.52596, 1.94301, 2.9023
odomX, odomY: -0.121727, 0.39342
global_time: 5.336

DeltaT: 0.01
IF
X', Y', Th': -1.53082, 1.94419, 2.9048
global_time: 5.346

DeltaT: 0.01
IF
X', Y', Th': -1.53568, 1.94536, 2.9073
global_time: 5.356

DeltaT: 0.01
IF
X', Y', Th': -1.54055, 1.94651, 2.9098
odomX, odomY: -0.112434, 0.407564
global_time: 5.366

DeltaT: 0.01
IF
X', Y', Th': -1.54542, 1.94765, 2.9123
global_time: 5.376

DeltaT: 0.01
IF
X', Y', Th': -1.55029, 1.94878, 2.9148
global_time: 5.386

DeltaT: 0.01
IF
X', Y', Th': -1.55516, 1.9499, 2.9173
global_time: 5.397

DeltaT: 0.011
IF
X', Y', Th': -1.56052, 1.95112, 2.92005
odomX, odomY: -0.103539, 0.421352
global_time: 5.406

DeltaT: 0.009
IF
X', Y', Th': -1.56491, 1.9521, 2.9223
global_time: 5.417

DeltaT: 0.011
IF
X', Y', Th': -1.57028, 1.95329, 2.92505
global_time: 5.426

DeltaT: 0.009
IF
X', Y', Th': -1.57468, 1.95425, 2.9273
odomX, odomY: -0.0947588, 0.435225
global_time: 5.437

DeltaT: 0.011
IF
X', Y', Th': -1.58006, 1.95541, 2.93005
global_time: 5.446

DeltaT: 0.009
IF
X', Y', Th': -1.58446, 1.95635, 2.9323
global_time: 5.456

DeltaT: 0.01
IF
X', Y', Th': -1.58935, 1.95739, 2.9348
odomX, odomY: -0.0858288, 0.449599
global_time: 5.466

DeltaT: 0.01
IF
X', Y', Th': -1.59424, 1.95841, 2.9373
global_time: 5.476

DeltaT: 0.01
IF
X', Y', Th': -1.59914, 1.95942, 2.9398
global_time: 5.486

DeltaT: 0.01
IF
X', Y', Th': -1.60404, 1.96041, 2.9423
global_time: 5.496

DeltaT: 0.01
IF
X', Y', Th': -1.60894, 1.9614, 2.9448
odomX, odomY: -0.0772748, 0.463627
global_time: 5.506

DeltaT: 0.01
IF
X', Y', Th': -1.61385, 1.96237, 2.9473
global_time: 5.517

DeltaT: 0.011
IF
X', Y', Th': -1.61925, 1.96342, 2.95005
global_time: 5.526

DeltaT: 0.009
IF
X', Y', Th': -1.62366, 1.96427, 2.9523
odomX, odomY: -0.0688341, 0.477729
global_time: 5.537

DeltaT: 0.011
IF
X', Y', Th': -1.62907, 1.9653, 2.95505
global_time: 5.547

DeltaT: 0.01
IF
X', Y', Th': -1.63398, 1.96622, 2.95755
global_time: 5.556

DeltaT: 0.009
IF
X', Y', Th': -1.63841, 1.96704, 2.9598
odomX, odomY: -0.0602633, 0.492323
global_time: 5.566

DeltaT: 0.01
IF
X', Y', Th': -1.64333, 1.96794, 2.9623
global_time: 5.576

DeltaT: 0.01
IF
X', Y', Th': -1.64825, 1.96882, 2.9648
global_time: 5.586

DeltaT: 0.01
IF
X', Y', Th': -1.65317, 1.9697, 2.9673
global_time: 5.596

DeltaT: 0.01
IF
X', Y', Th': -1.65809, 1.97056, 2.9698
odomX, odomY: -0.0520715, 0.506541
global_time: 5.606

DeltaT: 0.01
IF
X', Y', Th': -1.66302, 1.97141, 2.9723
global_time: 5.616

DeltaT: 0.01
IF
X', Y', Th': -1.66795, 1.97224, 2.9748
global_time: 5.626

DeltaT: 0.01
IF
X', Y', Th': -1.67288, 1.97307, 2.9773
odomX, odomY: -0.0439931, 0.520834
global_time: 5.637

DeltaT: 0.011
IF
X', Y', Th': -1.67831, 1.97396, 2.98005
global_time: 5.646

DeltaT: 0.009
IF
X', Y', Th': -1.68275, 1.97468, 2.9823
global_time: 5.656

DeltaT: 0.01
IF
X', Y', Th': -1.68769, 1.97547, 2.9848
odomX, odomY: -0.0357911, 0.535633
global_time: 5.666

DeltaT: 0.01
IF
X', Y', Th': -1.69263, 1.97624, 2.9873
global_time: 5.676

DeltaT: 0.01
IF
X', Y', Th': -1.69757, 1.977, 2.9898
global_time: 5.686

DeltaT: 0.01
IF
X', Y', Th': -1.70252, 1.97775, 2.9923
global_time: 5.696

DeltaT: 0.01
IF
X', Y', Th': -1.70746, 1.97849, 2.9948
odomX, odomY: -0.0279477, 0.550069
global_time: 5.706

DeltaT: 0.01
IF
X', Y', Th': -1.71241, 1.97921, 2.9973
global_time: 5.716

DeltaT: 0.01
IF
X', Y', Th': -1.71736, 1.97993, 2.9998
global_time: 5.726

DeltaT: 0.01
IF
X', Y', Th': -1.72231, 1.98063, 3.0023
odomX, odomY: -0.0202217, 0.564572
global_time: 5.738

DeltaT: 0.012
IF
X', Y', Th': -1.72825, 1.98145, 3.0053
global_time: 5.746

DeltaT: 0.008
IF
X', Y', Th': -1.73221, 1.98199, 3.0073
global_time: 5.756

DeltaT: 0.01
IF
X', Y', Th': -1.73717, 1.98265, 3.0098
odomX, odomY: -0.0123912, 0.579571
global_time: 5.766

DeltaT: 0.01
IF
X', Y', Th': -1.74213, 1.98331, 3.0123
global_time: 5.776

DeltaT: 0.01
IF
X', Y', Th': -1.74709, 1.98394, 3.0148
global_time: 5.787

DeltaT: 0.011
IF
X', Y', Th': -1.75254, 1.98463, 3.01755
odomX, odomY: -0.00490917, 0.594195
global_time: 5.796

DeltaT: 0.009
IF
X', Y', Th': -1.75701, 1.98518, 3.0198
global_time: 5.806

DeltaT: 0.01
IF
X', Y', Th': -1.76197, 1.98579, 3.0223
global_time: 5.816

DeltaT: 0.01
IF
X', Y', Th': -1.76694, 1.98637, 3.0248
global_time: 5.826

DeltaT: 0.01
IF
X', Y', Th': -1.7719, 1.98695, 3.0273
odomX, odomY: 0.00244561, 0.608868
global_time: 5.837

DeltaT: 0.011
IF
X', Y', Th': -1.77737, 1.98757, 3.03005
global_time: 5.846

DeltaT: 0.009
IF
X', Y', Th': -1.78184, 1.98807, 3.0323
global_time: 5.857

DeltaT: 0.011
IF
X', Y', Th': -1.78731, 1.98866, 3.03505
odomX, odomY: 0.00990094, 0.624057
global_time: 5.867

DeltaT: 0.01
IF
X', Y', Th': -1.79228, 1.98918, 3.03755
global_time: 5.877

DeltaT: 0.01
IF
X', Y', Th': -1.79726, 1.9897, 3.04005
global_time: 5.886

DeltaT: 0.009
IF
X', Y', Th': -1.80173, 1.99015, 3.0423
global_time: 5.896

DeltaT: 0.01
IF
X', Y', Th': -1.80671, 1.99064, 3.0448
odomX, odomY: 0.0170151, 0.638864
global_time: 5.906

DeltaT: 0.01
IF
X', Y', Th': -1.81169, 1.99111, 3.0473
global_time: 5.916

DeltaT: 0.01
IF
X', Y', Th': -1.81667, 1.99158, 3.0498
global_time: 5.927

DeltaT: 0.011
IF
X', Y', Th': -1.82214, 1.99208, 3.05255
odomX, odomY: 0.0240079, 0.653731
global_time: 5.936

DeltaT: 0.009
IF
X', Y', Th': -1.82663, 1.99247, 3.0548
global_time: 5.946

DeltaT: 0.01
IF
X', Y', Th': -1.83161, 1.9929, 3.0573
global_time: 5.956

DeltaT: 0.01
IF
X', Y', Th': -1.83659, 1.99331, 3.0598
odomX, odomY: 0.0310805, 0.669098
global_time: 5.967

DeltaT: 0.011
IF
X', Y', Th': -1.84207, 1.99375, 3.06255
global_time: 5.976

DeltaT: 0.009
IF
X', Y', Th': -1.84656, 1.99411, 3.0648
global_time: 5.986

DeltaT: 0.01
IF
X', Y', Th': -1.85154, 1.99448, 3.0673
global_time: 5.996

DeltaT: 0.01
IF
X', Y', Th': -1.85653, 1.99485, 3.0698
odomX, odomY: 0.0378252, 0.684078
global_time: 6.006

DeltaT: 0.01
ELSE
-0.997424
X', Y', Th': -1.85653, 1.99485, 3.0698
global_time: 6.016

DeltaT: 0.01
ELSE
-0.997424
X', Y', Th': -1.85653, 1.99485, 3.0698
global_time: 6.027

DeltaT: 0.011
ELSE
-0.997424
X', Y', Th': -1.85653, 1.99485, 3.0698
odomX, odomY: 0.0444467, 0.69911
global_time: 6.036

DeltaT: 0.009
ELSE
-0.997424
X', Y', Th': -1.85653, 1.99485, 3.0698
global_time: 6.047

DeltaT: 0.011
ELSE
-0.997424
X', Y', Th': -1.85653, 1.99485, 3.0698
global_time: 6.056

DeltaT: 0.009
ELSE
-0.997424
X', Y', Th': -1.85653, 1.99485, 3.0698
odomX, odomY: 0.0510112, 0.714317
global_time: 6.066

DeltaT: 0.01
ELSE
-0.997424
X', Y', Th': -1.85653, 1.99485, 3.0698
global_time: 6.076

DeltaT: 0.01
ELSE
-0.997424
X', Y', Th': -1.85653, 1.99485, 3.0698
global_time: 6.086

DeltaT: 0.01
ELSE
-0.997424
X', Y', Th': -1.85653, 1.99485, 3.0698
global_time: 6.096

DeltaT: 0.01
ELSE
-0.997424
X', Y', Th': -1.85653, 1.99485, 3.0698
odomX, odomY: 0.0570175, 0.728404
global_time: 6.107

DeltaT: 0.011
ELSE
-0.997424
X', Y', Th': -1.85653, 1.99485, 3.0698
global_time: 6.116

DeltaT: 0.009
ELSE
-0.997424
X', Y', Th': -1.85653, 1.99485, 3.0698
global_time: 6.126

DeltaT: 0.01
ELSE
-0.997424
X', Y', Th': -1.85653, 1.99485, 3.0698
odomX, odomY: 0.0626603, 0.74177
global_time: 6.136

DeltaT: 0.01
ELSE
-0.997424
X', Y', Th': -1.85653, 1.99485, 3.0698
global_time: 6.146

DeltaT: 0.01
ELSE
-0.997424
X', Y', Th': -1.85653, 1.99485, 3.0698
global_time: 6.156

DeltaT: 0.01
ELSE
-0.997424
X', Y', Th': -1.85653, 1.99485, 3.0698
odomX, odomY: 0.0680922, 0.754858
global_time: 6.166

DeltaT: 0.01
ELSE
-0.997424
X', Y', Th': -1.85653, 1.99485, 3.0698
global_time: 6.176

DeltaT: 0.01
ELSE
-0.997424
X', Y', Th': -1.85653, 1.99485, 3.0698
global_time: 6.186

DeltaT: 0.01
ELSE
-0.997424
X', Y', Th': -1.85653, 1.99485, 3.0698
global_time: 6.196

DeltaT: 0.01
ELSE
-0.997424
X', Y', Th': -1.85653, 1.99485, 3.0698
odomX, odomY: 0.0729881, 0.767016
global_time: 6.206

DeltaT: 0.01
ELSE
-0.997424
X', Y', Th': -1.85653, 1.99485, 3.0698
global_time: 6.217

DeltaT: 0.011
ELSE
-0.997424
X', Y', Th': -1.85653, 1.99485, 3.0698
global_time: 6.226

DeltaT: 0.009
ELSE
-0.997424
X', Y', Th': -1.85653, 1.99485, 3.0698
odomX, odomY: 0.0774583, 0.778619
global_time: 6.236

DeltaT: 0.01
ELSE
-0.997424
X', Y', Th': -1.85653, 1.99485, 3.0698
global_time: 6.246

DeltaT: 0.01
ELSE
-0.997424
X', Y', Th': -1.85653, 1.99485, 3.0698
global_time: 6.257

DeltaT: 0.011
ELSE
-0.997424
X', Y', Th': -1.85653, 1.99485, 3.0698
odomX, odomY: 0.0815926, 0.789931
global_time: 6.266

DeltaT: 0.009
ELSE
-0.997424
X', Y', Th': -1.85653, 1.99485, 3.0698
global_time: 6.276

DeltaT: 0.01
ELSE
-0.997424
X', Y', Th': -1.85653, 1.99485, 3.0698
global_time: 6.286

DeltaT: 0.01
ELSE
-0.997424
X', Y', Th': -1.85653, 1.99485, 3.0698
global_time: 6.296

DeltaT: 0.01
ELSE
-0.997424
X', Y', Th': -1.85653, 1.99485, 3.0698
odomX, odomY: 0.085157, 0.800263
global_time: 6.306

DeltaT: 0.01
ELSE
-0.997424
X', Y', Th': -1.85653, 1.99485, 3.0698
global_time: 6.316

DeltaT: 0.01
ELSE
-0.997424
X', Y', Th': -1.85653, 1.99485, 3.0698
global_time: 6.326

DeltaT: 0.01
ELSE
-0.997424
X', Y', Th': -1.85653, 1.99485, 3.0698
odomX, odomY: 0.0883249, 0.80996
global_time: 6.336

DeltaT: 0.01
ELSE
-0.997424
X', Y', Th': -1.85653, 1.99485, 3.0698
global_time: 6.346

DeltaT: 0.01
ELSE
-0.997424
X', Y', Th': -1.85653, 1.99485, 3.0698
global_time: 6.356

DeltaT: 0.01
ELSE
-0.997424
X', Y', Th': -1.85653, 1.99485, 3.0698
odomX, odomY: 0.091238, 0.819303
global_time: 6.366

DeltaT: 0.01
ELSE
-0.997424
X', Y', Th': -1.85653, 1.99485, 3.0698
global_time: 6.376

DeltaT: 0.01
ELSE
-0.997424
X', Y', Th': -1.85653, 1.99485, 3.0698
global_time: 6.387

DeltaT: 0.011
ELSE
-0.997424
X', Y', Th': -1.85653, 1.99485, 3.0698
odomX, odomY: 0.0937912, 0.827767
global_time: 6.397

DeltaT: 0.01
ELSE
-0.997424
X', Y', Th': -1.85653, 1.99485, 3.0698
global_time: 6.407

DeltaT: 0.01
ELSE
-0.997424
X', Y', Th': -1.85653, 1.99485, 3.0698
global_time: 6.416

DeltaT: 0.009
ELSE
-0.997424
X', Y', Th': -1.85653, 1.99485, 3.0698
global_time: 6.427

DeltaT: 0.011
ELSE
-0.997424
X', Y', Th': -1.85653, 1.99485, 3.0698
odomX, odomY: 0.0961354, 0.835656
global_time: 6.436

DeltaT: 0.009
ELSE
-0.997424
X', Y', Th': -1.85653, 1.99485, 3.0698
global_time: 6.446

DeltaT: 0.01
ELSE
-0.997424
X', Y', Th': -1.85653, 1.99485, 3.0698
global_time: 6.456

DeltaT: 0.01
ELSE
-0.997424
X', Y', Th': -1.85653, 1.99485, 3.0698
odomX, odomY: 0.0983871, 0.843196
global_time: 6.466

DeltaT: 0.01
ELSE
-0.997424
X', Y', Th': -1.85653, 1.99485, 3.0698
global_time: 6.476

DeltaT: 0.01
ELSE
-0.997424
X', Y', Th': -1.85653, 1.99485, 3.0698
global_time: 6.486

DeltaT: 0.01
ELSE
-0.997424
X', Y', Th': -1.85653, 1.99485, 3.0698
global_time: 6.496

DeltaT: 0.01
ELSE
-0.997424
X', Y', Th': -1.85653, 1.99485, 3.0698
odomX, odomY: 0.100646, 0.846697
global_time: 6.506

DeltaT: 0.01
ELSE
-0.997424
X', Y', Th': -1.85653, 1.99485, 3.0698
global_time: 6.516

DeltaT: 0.01
ELSE
-0.997424
X', Y', Th': -1.85653, 1.99485, 3.0698
global_time: 6.526

DeltaT: 0.01
ELSE
-0.997424
X', Y', Th': -1.85653, 1.99485, 3.0698
odomX, odomY: 0.102373, 0.848491
global_time: 6.536

DeltaT: 0.01
ELSE
-0.997424
X', Y', Th': -1.85653, 1.99485, 3.0698
global_time: 6.546

DeltaT: 0.01
ELSE
-0.997424
X', Y', Th': -1.85653, 1.99485, 3.0698
global_time: 6.556

DeltaT: 0.01
ELSE
-0.997424
X', Y', Th': -1.85653, 1.99485, 3.0698
odomX, odomY: 0.103516, 0.849757
global_time: 6.566

DeltaT: 0.01
ELSE
-0.997424
X', Y', Th': -1.85653, 1.99485, 3.0698
global_time: 6.576

DeltaT: 0.01
ELSE
-0.997424
X', Y', Th': -1.85653, 1.99485, 3.0698
global_time: 6.586

DeltaT: 0.01
ELSE
-0.997424
X', Y', Th': -1.85653, 1.99485, 3.0698
global_time: 6.596

DeltaT: 0.01
ELSE
-0.997424
X', Y', Th': -1.85653, 1.99485, 3.0698
odomX, odomY: 0.10407, 0.850376
global_time: 6.606

DeltaT: 0.01
ELSE
-0.997424
X', Y', Th': -1.85653, 1.99485, 3.0698
global_time: 6.616

DeltaT: 0.01
ELSE
-0.997424
X', Y', Th': -1.85653, 1.99485, 3.0698
global_time: 6.626

DeltaT: 0.01
ELSE
-0.997424
X', Y', Th': -1.85653, 1.99485, 3.0698
odomX, odomY: 0.104145, 0.85046
global_time: 6.636

DeltaT: 0.01
ELSE
-0.997424
X', Y', Th': -1.85653, 1.99485, 3.0698
global_time: 6.646

DeltaT: 0.01
ELSE
-0.997424
X', Y', Th': -1.85653, 1.99485, 3.0698
global_time: 6.656

DeltaT: 0.01
ELSE
-0.997424
X', Y', Th': -1.85653, 1.99485, 3.0698
odomX, odomY: 0.104145, 0.85046
global_time: 6.666

DeltaT: 0.01
ELSE
-0.997424
X', Y', Th': -1.85653, 1.99485, 3.0698
global_time: 6.676

DeltaT: 0.01
ELSE
-0.997424
X', Y', Th': -1.85653, 1.99485, 3.0698
global_time: 6.686

DeltaT: 0.01
ELSE
-0.997424
X', Y', Th': -1.85653, 1.99485, 3.0698
global_time: 6.696

DeltaT: 0.01
ELSE
-0.997424
X', Y', Th': -1.85653, 1.99485, 3.0698
odomX, odomY: 0.104145, 0.85046
global_time: 6.706

DeltaT: 0.01
ELSE
-0.997424
X', Y', Th': -1.85653, 1.99485, 3.0698
global_time: 6.716

DeltaT: 0.01
ELSE
-0.997424
X', Y', Th': -1.85653, 1.99485, 3.0698
global_time: 6.726

DeltaT: 0.01
ELSE
-0.997424
X', Y', Th': -1.85653, 1.99485, 3.0698
odomX, odomY: 0.104145, 0.85046
global_time: 6.736

DeltaT: 0.01
ELSE
-0.997424
X', Y', Th': -1.85653, 1.99485, 3.0698
global_time: 6.746

DeltaT: 0.01
ELSE
-0.997424
X', Y', Th': -1.85653, 1.99485, 3.0698
global_time: 6.756

DeltaT: 0.01
ELSE
-0.997424
X', Y', Th': -1.85653, 1.99485, 3.0698
odomX, odomY: 0.104145, 0.85046
global_time: 6.766

DeltaT: 0.01
ELSE
-0.997424
X', Y', Th': -1.85653, 1.99485, 3.0698
global_time: 6.776

DeltaT: 0.01
ELSE
-0.997424
X', Y', Th': -1.85653, 1.99485, 3.0698
global_time: 6.786

DeltaT: 0.01
ELSE
-0.997424
X', Y', Th': -1.85653, 1.99485, 3.0698
global_time: 6.796

DeltaT: 0.01
ELSE
-0.997424
X', Y', Th': -1.85653, 1.99485, 3.0698
odomX, odomY: 0.104145, 0.85046
global_time: 6.806

DeltaT: 0.01
ELSE
-0.997424
X', Y', Th': -1.85653, 1.99485, 3.0698
global_time: 6.816

DeltaT: 0.01
ELSE
-0.997424
X', Y', Th': -1.85653, 1.99485, 3.0698
global_time: 6.826

DeltaT: 0.01
ELSE
-0.997424
X', Y', Th': -1.85653, 1.99485, 3.0698
odomX, odomY: 0.104145, 0.85046
global_time: 6.836

DeltaT: 0.01
ELSE
-0.997424
X', Y', Th': -1.85653, 1.99485, 3.0698
global_time: 6.847

DeltaT: 0.011
ELSE
-0.997424
X', Y', Th': -1.85653, 1.99485, 3.0698
global_time: 6.856

DeltaT: 0.009
ELSE
-0.997424
X', Y', Th': -1.85653, 1.99485, 3.0698
odomX, odomY: 0.104145, 0.85046
global_time: 6.866

DeltaT: 0.01
ELSE
-0.997424
X', Y', Th': -1.85653, 1.99485, 3.0698
global_time: 6.877

DeltaT: 0.011
ELSE
-0.997424
X', Y', Th': -1.85653, 1.99485, 3.0698
global_time: 6.886

DeltaT: 0.01
ELSE
-0.997424
X', Y', Th': -1.85653, 1.99485, 3.0698
global_time: 6.896

DeltaT: 0.009
ELSE
-0.997424
X', Y', Th': -1.85653, 1.99485, 3.0698
odomX, odomY: 0.104145, 0.85046
global_time: 6.906

DeltaT: 0.01
ELSE
-0.997424
X', Y', Th': -1.85653, 1.99485, 3.0698
global_time: 6.917

DeltaT: 0.011
ELSE
-0.997424
X', Y', Th': -1.85653, 1.99485, 3.0698
global_time: 6.926

DeltaT: 0.009
ELSE
-0.997424
X', Y', Th': -1.85653, 1.99485, 3.0698
odomX, odomY: 0.104145, 0.85046
global_time: 6.936

DeltaT: 0.01
ELSE
-0.997424
X', Y', Th': -1.85653, 1.99485, 3.0698
global_time: 6.946

DeltaT: 0.01
ELSE
-0.997424
X', Y', Th': -1.85653, 1.99485, 3.0698
global_time: 6.957

DeltaT: 0.011
ELSE
-0.997424
X', Y', Th': -1.85653, 1.99485, 3.0698
odomX, odomY: 0.104145, 0.85046
global_time: 6.966

DeltaT: 0.009
ELSE
-0.997424
X', Y', Th': -1.85653, 1.99485, 3.0698
global_time: 6.976

DeltaT: 0.01
ELSE
-0.997424
X', Y', Th': -1.85653, 1.99485, 3.0698
global_time: 6.987

DeltaT: 0.011
ELSE
-0.997424
X', Y', Th': -1.85653, 1.99485, 3.0698
odomX, odomY: 0.104145, 0.85046
global_time: 6.996

DeltaT: 0.009
ELSE
-0.997424
X', Y', Th': -1.85653, 1.99485, 3.0698
global_time: 7.006

DeltaT: 0.01
ELSE
-0.997424
X', Y', Th': -1.85653, 1.99485, 3.0698
global_time: 7.016

DeltaT: 0.01
ELSE
-0.997424
X', Y', Th': -1.85653, 1.99485, 3.0698
global_time: 7.026

DeltaT: 0.01
ELSE
-0.997424
X', Y', Th': -1.85653, 1.99485, 3.0698
odomX, odomY: 0.104145, 0.85046
global_time: 7.036

DeltaT: 0.01
ELSE
-0.997424
X', Y', Th': -1.85653, 1.99485, 3.0698
global_time: 7.046

DeltaT: 0.01
ELSE
-0.997424
X', Y', Th': -1.85653, 1.99485, 3.0698
global_time: 7.056

DeltaT: 0.01
ELSE
-0.997424
X', Y', Th': -1.85653, 1.99485, 3.0698
odomX, odomY: 0.104145, 0.85046
global_time: 7.067

DeltaT: 0.011
ELSE
-0.997424
X', Y', Th': -1.85653, 1.99485, 3.0698
global_time: 7.076

DeltaT: 0.009
ELSE
-0.997424
X', Y', Th': -1.85653, 1.99485, 3.0698
global_time: 7.086

DeltaT: 0.01
ELSE
-0.997424
X', Y', Th': -1.85653, 1.99485, 3.0698
global_time: 7.097

DeltaT: 0.011
ELSE
-0.997424
X', Y', Th': -1.85653, 1.99485, 3.0698
odomX, odomY: 0.104145, 0.85046
global_time: 7.106

DeltaT: 0.009
ELSE
-0.997424
X', Y', Th': -1.85653, 1.99485, 3.0698
global_time: 7.116

DeltaT: 0.01
ELSE
-0.997424
X', Y', Th': -1.85653, 1.99485, 3.0698
global_time: 7.127

DeltaT: 0.011
ELSE
-0.997424
X', Y', Th': -1.85653, 1.99485, 3.0698
odomX, odomY: 0.104145, 0.850459
global_time: 7.138

DeltaT: 0.012
ELSE
-0.997424
X', Y', Th': -1.85653, 1.99485, 3.0698
global_time: 7.146

DeltaT: 0.007
ELSE
-0.997424
X', Y', Th': -1.85653, 1.99485, 3.0698
global_time: 7.156

DeltaT: 0.01
ELSE
-0.997424
X', Y', Th': -1.85653, 1.99485, 3.0698
odomX, odomY: 0.104145, 0.850459
global_time: 7.166

DeltaT: 0.01
ELSE
-0.997424
X', Y', Th': -1.85653, 1.99485, 3.0698
global_time: 7.176

DeltaT: 0.01
ELSE
-0.997424
X', Y', Th': -1.85653, 1.99485, 3.0698
global_time: 7.186

DeltaT: 0.01
ELSE
-0.997424
X', Y', Th': -1.85653, 1.99485, 3.0698
global_time: 7.196

DeltaT: 0.01
ELSE
-0.997424
X', Y', Th': -1.85653, 1.99485, 3.0698
odomX, odomY: 0.104145, 0.850459
global_time: 7.206

DeltaT: 0.01
ELSE
-0.997424
X', Y', Th': -1.85653, 1.99485, 3.0698
global_time: 7.216

DeltaT: 0.01
ELSE
-0.997424
X', Y', Th': -1.85653, 1.99485, 3.0698
global_time: 7.226

DeltaT: 0.01
ELSE
-0.997424
X', Y', Th': -1.85653, 1.99485, 3.0698
odomX, odomY: 0.104145, 0.850459
global_time: 7.236

DeltaT: 0.01
ELSE
-0.997424
X', Y', Th': -1.85653, 1.99485, 3.0698
global_time: 7.246

DeltaT: 0.01
ELSE
-0.997424
X', Y', Th': -1.85653, 1.99485, 3.0698
global_time: 7.257

DeltaT: 0.011
ELSE
-0.997424
X', Y', Th': -1.85653, 1.99485, 3.0698
odomX, odomY: 0.104145, 0.850459
global_time: 7.266

DeltaT: 0.009
ELSE
-0.997424
X', Y', Th': -1.85653, 1.99485, 3.0698
global_time: 7.278

DeltaT: 0.012
ELSE
-0.997424
X', Y', Th': -1.85653, 1.99485, 3.0698
global_time: 7.286

DeltaT: 0.008
ELSE
-0.997424
X', Y', Th': -1.85653, 1.99485, 3.0698
global_time: 7.296

DeltaT: 0.01
ELSE
-0.997424
X', Y', Th': -1.85653, 1.99485, 3.0698
odomX, odomY: 0.104145, 0.850459
global_time: 7.306

DeltaT: 0.01
ELSE
-0.997424
X', Y', Th': -1.85653, 1.99485, 3.0698
global_time: 7.316

DeltaT: 0.01
ELSE
-0.997424
X', Y', Th': -1.85653, 1.99485, 3.0698
global_time: 7.329

DeltaT: 0.013
ELSE
-0.997424
X', Y', Th': -1.85653, 1.99485, 3.0698
global_time: 7.336

DeltaT: 0.007
ELSE
-0.997424
X', Y', Th': -1.85653, 1.99485, 3.0698
global_time: 7.346

DeltaT: 0.01
ELSE
-0.997424
X', Y', Th': -1.85653, 1.99485, 3.0698
odomX, odomY: 0.104145, 0.850459
global_time: 7.356

DeltaT: 0.01
ELSE
-0.997424
X', Y', Th': -1.85653, 1.99485, 3.0698
global_time: 7.366

DeltaT: 0.01
ELSE
-0.997424
X', Y', Th': -1.85653, 1.99485, 3.0698
global_time: 7.376

DeltaT: 0.01
ELSE
-0.997424
X', Y', Th': -1.85653, 1.99485, 3.0698
global_time: 7.386

DeltaT: 0.01
ELSE
-0.997424
X', Y', Th': -1.85653, 1.99485, 3.0698
odomX, odomY: 0.104145, 0.850459
global_time: 7.396

DeltaT: 0.01
ELSE
-0.997424
X', Y', Th': -1.85653, 1.99485, 3.0698
global_time: 7.406

DeltaT: 0.01
ELSE
-0.997424
X', Y', Th': -1.85653, 1.99485, 3.0698
global_time: 7.416

DeltaT: 0.01
ELSE
-0.997424
X', Y', Th': -1.85653, 1.99485, 3.0698
global_time: 7.426

DeltaT: 0.01
ELSE
-0.997424
X', Y', Th': -1.85653, 1.99485, 3.0698
odomX, odomY: 0.104145, 0.850459
odomX, odomY: 0.104145, 0.850459
global_time: 7.436

DeltaT: 0.01
ELSE
-0.997424
X', Y', Th': -1.85653, 1.99485, 3.0698
global_time: 7.446

DeltaT: 0.01
ELSE
-0.997424
X', Y', Th': -1.85653, 1.99485, 3.0698
global_time: 7.456

DeltaT: 0.01
ELSE
-0.997424
X', Y', Th': -1.85653, 1.99485, 3.0698
global_time: 7.466

DeltaT: 0.01
ELSE
-0.997424
X', Y', Th': -1.85653, 1.99485, 3.0698
global_time: 7.477

DeltaT: 0.012
ELSE
-0.997424
X', Y', Th': -1.85653, 1.99485, 3.0698
odomX, odomY: 0.104145, 0.850459
global_time: 7.486

DeltaT: 0.008
ELSE
-0.997424
X', Y', Th': -1.85653, 1.99485, 3.0698
global_time: 7.496

DeltaT: 0.01
ELSE
-0.997424
X', Y', Th': -1.85653, 1.99485, 3.0698
odomX, odomY: 0.104145, 0.850459
global_time: 7.506

DeltaT: 0.01
ELSE
-0.997424
X', Y', Th': -1.85653, 1.99485, 3.0698
global_time: 7.517

DeltaT: 0.011
ELSE
-0.997424
X', Y', Th': -1.85653, 1.99485, 3.0698
global_time: 7.526

DeltaT: 0.009
ELSE
-0.997424
X', Y', Th': -1.85653, 1.99485, 3.0698
global_time: 7.536

DeltaT: 0.01
ELSE
-0.997424
X', Y', Th': -1.85653, 1.99485, 3.0698
odomX, odomY: 0.104145, 0.850459
global_time: 7.547

DeltaT: 0.011
ELSE
-0.997424
X', Y', Th': -1.85653, 1.99485, 3.0698
global_time: 7.556

DeltaT: 0.009
ELSE
-0.997424
X', Y', Th': -1.85653, 1.99485, 3.0698
global_time: 7.566

DeltaT: 0.01
ELSE
-0.997424
X', Y', Th': -1.85653, 1.99485, 3.0698
global_time: 7.576

DeltaT: 0.01
ELSE
-0.997424
X', Y', Th': -1.85653, 1.99485, 3.0698
odomX, odomY: 0.104145, 0.850458
global_time: 7.586

DeltaT: 0.01
ELSE
-0.997424
X', Y', Th': -1.85653, 1.99485, 3.0698
global_time: 7.597

DeltaT: 0.011
ELSE
-0.997424
X', Y', Th': -1.85653, 1.99485, 3.0698
global_time: 7.606

DeltaT: 0.009
ELSE
-0.997424
X', Y', Th': -1.85653, 1.99485, 3.0698
global_time: 7.616

DeltaT: 0.01
ELSE
-0.997424
X', Y', Th': -1.85653, 1.99485, 3.0698
odomX, odomY: 0.104145, 0.850458
global_time: 7.626

DeltaT: 0.01
ELSE
-0.997424
X', Y', Th': -1.85653, 1.99485, 3.0698
global_time: 7.636

DeltaT: 0.01
ELSE
-0.997424
X', Y', Th': -1.85653, 1.99485, 3.0698
global_time: 7.646

DeltaT: 0.01
ELSE
-0.997424
X', Y', Th': -1.85653, 1.99485, 3.0698
global_time: 7.656

DeltaT: 0.01
ELSE
-0.997424
X', Y', Th': -1.85653, 1.99485, 3.0698
global_time: 7.666

DeltaT: 0.01
ELSE
-0.997424
X', Y', Th': -1.85653, 1.99485, 3.0698
odomX, odomY: 0.104145, 0.850458
odomX, odomY: 0.104145, 0.850458
global_time: 7.676

DeltaT: 0.01
ELSE
-0.997424
X', Y', Th': -1.85653, 1.99485, 3.0698
global_time: 7.686

DeltaT: 0.01
ELSE
-0.997424
X', Y', Th': -1.85653, 1.99485, 3.0698
global_time: 7.696

DeltaT: 0.01
ELSE
-0.997424
X', Y', Th': -1.85653, 1.99485, 3.0698
global_time: 7.706

DeltaT: 0.01
ELSE
-0.997424
X', Y', Th': -1.85653, 1.99485, 3.0698
odomX, odomY: 0.104145, 0.850458
global_time: 7.716

DeltaT: 0.01
ELSE
-0.997424
X', Y', Th': -1.85653, 1.99485, 3.0698
global_time: 7.727

DeltaT: 0.011
ELSE
-0.997424
X', Y', Th': -1.85653, 1.99485, 3.0698
odomX, odomY: 0.104145, 0.850458
global_time: 7.737

DeltaT: 0.01
ELSE
-0.997424
X', Y', Th': -1.85653, 1.99485, 3.0698
global_time: 7.746

DeltaT: 0.009
ELSE
-0.997424
X', Y', Th': -1.85653, 1.99485, 3.0698
global_time: 7.756

DeltaT: 0.01
ELSE
-0.997424
X', Y', Th': -1.85653, 1.99485, 3.0698
global_time: 7.766

DeltaT: 0.01
ELSE
-0.997424
X', Y', Th': -1.85653, 1.99485, 3.0698
odomX, odomY: 0.104145, 0.850458
global_time: 7.776

DeltaT: 0.01
ELSE
-0.997424
X', Y', Th': -1.85653, 1.99485, 3.0698
global_time: 7.786

DeltaT: 0.01
ELSE
-0.997424
X', Y', Th': -1.85653, 1.99485, 3.0698
global_time: 7.796

DeltaT: 0.01
ELSE
-0.997424
X', Y', Th': -1.85653, 1.99485, 3.0698
global_time: 7.806

DeltaT: 0.01
ELSE
-0.997424
X', Y', Th': -1.85653, 1.99485, 3.0698
odomX, odomY: 0.104144, 0.850458
global_time: 7.816

DeltaT: 0.01
ELSE
-0.997424
X', Y', Th': -1.85653, 1.99485, 3.0698
global_time: 7.826

DeltaT: 0.01
ELSE
-0.997424
X', Y', Th': -1.85653, 1.99485, 3.0698
global_time: 7.836

DeltaT: 0.01
ELSE
-0.997424
X', Y', Th': -1.85653, 1.99485, 3.0698
global_time: 7.846

DeltaT: 0.01
ELSE
-0.997424
X', Y', Th': -1.85653, 1.99485, 3.0698
odomX, odomY: 0.104144, 0.850458
global_time: 7.857

DeltaT: 0.011
ELSE
-0.997424
X', Y', Th': -1.85653, 1.99485, 3.0698
global_time: 7.866

DeltaT: 0.009
ELSE
-0.997424
X', Y', Th': -1.85653, 1.99485, 3.0698
global_time: 7.876

DeltaT: 0.01
ELSE
-0.997424
X', Y', Th': -1.85653, 1.99485, 3.0698
global_time: 7.887

DeltaT: 0.011
ELSE
-0.997424
X', Y', Th': -1.85653, 1.99485, 3.0698
global_time: 7.896

DeltaT: 0.009
ELSE
-0.997424
X', Y', Th': -1.85653, 1.99485, 3.0698
odomX, odomY: 0.104144, 0.850458
odomX, odomY: 0.104144, 0.850458
global_time: 7.906

DeltaT: 0.01
ELSE
-0.997424
X', Y', Th': -1.85653, 1.99485, 3.0698
global_time: 7.917

DeltaT: 0.011
ELSE
-0.997424
X', Y', Th': -1.85653, 1.99485, 3.0698
global_time: 7.926

DeltaT: 0.009
ELSE
-0.997424
X', Y', Th': -1.85653, 1.99485, 3.0698
global_time: 7.936

DeltaT: 0.01
ELSE
-0.997424
X', Y', Th': -1.85653, 1.99485, 3.0698
odomX, odomY: 0.104144, 0.850457
global_time: 7.947

DeltaT: 0.011
ELSE
-0.997424
X', Y', Th': -1.85653, 1.99485, 3.0698
global_time: 7.956

DeltaT: 0.009
ELSE
-0.997424
X', Y', Th': -1.85653, 1.99485, 3.0698
odomX, odomY: 0.104144, 0.850457
global_time: 7.966

DeltaT: 0.01
ELSE
-0.997424
X', Y', Th': -1.85653, 1.99485, 3.0698
global_time: 7.977

DeltaT: 0.011
ELSE
-0.997424
X', Y', Th': -1.85653, 1.99485, 3.0698
global_time: 7.986

DeltaT: 0.009
ELSE
-0.997424
X', Y', Th': -1.85653, 1.99485, 3.0698
global_time: 7.997

DeltaT: 0.011
ELSE
-0.997424
X', Y', Th': -1.85653, 1.99485, 3.0698
global_time: 8.007

DeltaT: 0.01
ELSE
-0.997424
X', Y', Th': -1.85653, 1.99485, 3.0698
odomX, odomY: 0.104144, 0.850457
global_time: 8.016

DeltaT: 0.009
ELSE
-0.997424
X', Y', Th': -1.85653, 1.99485, 3.0698
global_time: 8.026

DeltaT: 0.01
ELSE
-0.997424
X', Y', Th': -1.85653, 1.99485, 3.0698
global_time: 8.037

DeltaT: 0.011
ELSE
-0.997424
X', Y', Th': -1.85653, 1.99485, 3.0698
global_time: 8.046

DeltaT: 0.009
ELSE
-0.997424
X', Y', Th': -1.85653, 1.99485, 3.0698
odomX, odomY: 0.104144, 0.850457
global_time: 8.056

DeltaT: 0.01
ELSE
-0.997424
X', Y', Th': -1.85653, 1.99485, 3.0698
global_time: 8.066

DeltaT: 0.01
ELSE
-0.997424
X', Y', Th': -1.85653, 1.99485, 3.0698
global_time: 8.077

DeltaT: 0.011
ELSE
-0.997424
X', Y', Th': -1.85653, 1.99485, 3.0698
global_time: 8.086

DeltaT: 0.009
ELSE
-0.997424
X', Y', Th': -1.85653, 1.99485, 3.0698
odomX, odomY: 0.104144, 0.850457
global_time: 8.096

DeltaT: 0.01
ELSE
-0.997424
X', Y', Th': -1.85653, 1.99485, 3.0698
global_time: 8.106

DeltaT: 0.01
ELSE
-0.997424
X', Y', Th': -1.85653, 1.99485, 3.0698
global_time: 8.116

DeltaT: 0.01
ELSE
-0.997424
X', Y', Th': -1.85653, 1.99485, 3.0698
global_time: 8.127

DeltaT: 0.011
ELSE
-0.997424
X', Y', Th': -1.85653, 1.99485, 3.0698
global_time: 8.137

DeltaT: 0.01
ELSE
-0.997424
X', Y', Th': -1.85653, 1.99485, 3.0698
odomX, odomY: 0.104144, 0.850457
odomX, odomY: 0.104144, 0.850457
global_time: 8.146

DeltaT: 0.009
ELSE
-0.997424
X', Y', Th': -1.85653, 1.99485, 3.0698
global_time: 8.157

DeltaT: 0.011
ELSE
-0.997424
X', Y', Th': -1.85653, 1.99485, 3.0698
global_time: 8.166

DeltaT: 0.009
ELSE
-0.997424
X', Y', Th': -1.85653, 1.99485, 3.0698
global_time: 8.176

DeltaT: 0.01
ELSE
-0.997424
X', Y', Th': -1.85653, 1.99485, 3.0698
odomX, odomY: 0.104144, 0.850457
global_time: 8.187

DeltaT: 0.011
ELSE
-0.997424
X', Y', Th': -1.85653, 1.99485, 3.0698
odomX, odomY: 0.104144, 0.850457
global_time: 8.196

DeltaT: 0.009
ELSE
-0.997424
X', Y', Th': -1.85653, 1.99485, 3.0698
global_time: 8.206

DeltaT: 0.01
ELSE
-0.997424
X', Y', Th': -1.85653, 1.99485, 3.0698
global_time: 8.216

DeltaT: 0.01
ELSE
-0.997424
X', Y', Th': -1.85653, 1.99485, 3.0698
global_time: 8.226

DeltaT: 0.01
ELSE
-0.997424
X', Y', Th': -1.85653, 1.99485, 3.0698
odomX, odomY: 0.104144, 0.850457
global_time: 8.236

DeltaT: 0.01
ELSE
-0.997424
X', Y', Th': -1.85653, 1.99485, 3.0698
global_time: 8.246

DeltaT: 0.01
ELSE
-0.997424
X', Y', Th': -1.85653, 1.99485, 3.0698
global_time: 8.256

DeltaT: 0.01
ELSE
-0.997424
X', Y', Th': -1.85653, 1.99485, 3.0698
global_time: 8.266

DeltaT: 0.01
ELSE
-0.997424
X', Y', Th': -1.85653, 1.99485, 3.0698
global_time: 8.276

DeltaT: 0.01
ELSE
-0.997424
X', Y', Th': -1.85653, 1.99485, 3.0698
odomX, odomY: 0.104144, 0.850457
global_time: 8.286

DeltaT: 0.01
ELSE
-0.997424
X', Y', Th': -1.85653, 1.99485, 3.0698
global_time: 8.298

DeltaT: 0.012
ELSE
-0.997424
X', Y', Th': -1.85653, 1.99485, 3.0698
global_time: 8.306

DeltaT: 0.008
ELSE
-0.997424
X', Y', Th': -1.85653, 1.99485, 3.0698
odomX, odomY: 0.104144, 0.850456
global_time: 8.316

DeltaT: 0.01
ELSE
-0.997424
X', Y', Th': -1.85653, 1.99485, 3.0698
global_time: 8.326

DeltaT: 0.01
ELSE
-0.997424
X', Y', Th': -1.85653, 1.99485, 3.0698
global_time: 8.336

DeltaT: 0.01
ELSE
-0.997424
X', Y', Th': -1.85653, 1.99485, 3.0698
